info: ::1 - - [29/Jul/2024:05:51:30 +0000] "GET /api/v1/users/9 HTTP/1.1" 404 47 "-" "PostmanRuntime/7.40.0"

info: ::1 - - [29/Jul/2024:05:51:46 +0000] "POST /api/v1/users/signup HTTP/1.1" 201 331 "-" "PostmanRuntime/7.40.0"

info: ::1 - - [29/Jul/2024:05:55:07 +0000] "POST /api/v1/users/login HTTP/1.1" 200 150 "-" "PostmanRuntime/7.40.0"

info: ::1 - - [29/Jul/2024:05:55:49 +0000] "GET /api/v1/users/header/10 HTTP/1.1" 400 56 "-" "PostmanRuntime/7.40.0"

info: ::1 - - [29/Jul/2024:05:57:35 +0000] "POST /api/v1/users/login HTTP/1.1" 200 94 "-" "PostmanRuntime/7.40.0"

info: ::1 - - [29/Jul/2024:05:57:46 +0000] "GET /api/v1/users/header/10 HTTP/1.1" 400 56 "-" "PostmanRuntime/7.40.0"

info: ::1 - - [29/Jul/2024:05:59:01 +0000] "POST /api/v1/users/login HTTP/1.1" 200 94 "-" "PostmanRuntime/7.40.0"

info: ::1 - - [29/Jul/2024:05:59:06 +0000] "GET /api/v1/users/header/10 HTTP/1.1" 400 56 "-" "PostmanRuntime/7.40.0"

info: ::1 - - [29/Jul/2024:05:59:30 +0000] "POST /api/v1/users/login HTTP/1.1" 200 94 "-" "PostmanRuntime/7.40.0"

info: ::1 - - [29/Jul/2024:05:59:35 +0000] "GET /api/v1/users/header/10 HTTP/1.1" 400 56 "-" "PostmanRuntime/7.40.0"

info: ::1 - - [29/Jul/2024:06:00:18 +0000] "POST /api/v1/users/login HTTP/1.1" 200 94 "-" "PostmanRuntime/7.40.0"

info: ::1 - - [29/Jul/2024:06:00:29 +0000] "GET /api/v1/users/header/10 HTTP/1.1" 400 56 "-" "PostmanRuntime/7.40.0"

info: ::1 - - [29/Jul/2024:06:03:18 +0000] "GET /api/v1/users/header/10 HTTP/1.1" 200 331 "-" "PostmanRuntime/7.40.0"

info: ::1 - - [29/Jul/2024:06:05:31 +0000] "GET /api/v1/users/header/10 HTTP/1.1" 200 331 "-" "PostmanRuntime/7.40.0"

info: ::1 - - [29/Jul/2024:06:07:05 +0000] "GET /api/v1/users/header/10 HTTP/1.1" 404 47 "-" "PostmanRuntime/7.40.0"

info: ::1 - - [29/Jul/2024:06:07:09 +0000] "GET /api/v1/users/header HTTP/1.1" 500 49 "-" "PostmanRuntime/7.40.0"

info: ::1 - - [29/Jul/2024:06:08:05 +0000] "GET /api/v1/users/header/10 HTTP/1.1" 200 331 "-" "PostmanRuntime/7.40.0"

info: ::1 - - [29/Jul/2024:06:27:15 +0000] "POST /api/v1/users/login HTTP/1.1" 200 94 "-" "PostmanRuntime/7.40.0"

info: ::1 - - [29/Jul/2024:06:27:20 +0000] "GET /api/v1/users/header/10 HTTP/1.1" 200 331 "-" "PostmanRuntime/7.40.0"

info: ::1 - - [29/Jul/2024:06:27:27 +0000] "GET /api/v1/users/header/9 HTTP/1.1" 500 49 "-" "PostmanRuntime/7.40.0"

info: ::1 - - [29/Jul/2024:06:28:03 +0000] "POST /api/v1/users/signup HTTP/1.1" 201 334 "-" "PostmanRuntime/7.40.0"

info: ::1 - - [29/Jul/2024:06:28:17 +0000] "GET /api/v1/users/header/11 HTTP/1.1" 200 334 "-" "PostmanRuntime/7.40.0"

info: ::1 - - [29/Jul/2024:06:29:40 +0000] "GET /api/v1/users/header/11 HTTP/1.1" 200 334 "-" "PostmanRuntime/7.40.0"

info: ::1 - - [29/Jul/2024:06:30:15 +0000] "GET /api/v1/users/header/11 HTTP/1.1" 200 334 "-" "PostmanRuntime/7.40.0"

info: ::1 - - [29/Jul/2024:06:31:58 +0000] "GET /api/v1/users/header/11 HTTP/1.1" 500 85 "-" "PostmanRuntime/7.40.0"

info: ::1 - - [29/Jul/2024:06:32:18 +0000] "POST /api/v1/users/login HTTP/1.1" 200 94 "-" "PostmanRuntime/7.40.0"

info: ::1 - - [29/Jul/2024:06:33:23 +0000] "GET /api/v1/users/header/10 HTTP/1.1" 500 85 "-" "PostmanRuntime/7.40.0"

info: ::1 - - [29/Jul/2024:06:34:34 +0000] "GET /api/v1/users/header/10 HTTP/1.1" 200 331 "-" "PostmanRuntime/7.40.0"

info: ::1 - - [29/Jul/2024:06:34:46 +0000] "GET /api/v1/users/header/11 HTTP/1.1" 200 334 "-" "PostmanRuntime/7.40.0"

info: ::1 - - [29/Jul/2024:06:37:20 +0000] "GET /api/v1/users/header/11 HTTP/1.1" 401 37 "-" "PostmanRuntime/7.40.0"

info: ::1 - - [29/Jul/2024:06:37:25 +0000] "GET /api/v1/users/header/10 HTTP/1.1" 200 331 "-" "PostmanRuntime/7.40.0"

