info: ::1 - - [30/Jul/2024:09:03:50 +0000] "POST /api/v1/users/login HTTP/1.1" 200 95 "-" "PostmanRuntime/7.40.0"

info: ::1 - - [30/Jul/2024:09:04:45 +0000] "POST /api/v1/notes/create HTTP/1.1" 200 224 "-" "PostmanRuntime/7.40.0"

info: ::1 - - [30/Jul/2024:09:06:56 +0000] "POST /api/v1/notes/create HTTP/1.1" 200 224 "-" "PostmanRuntime/7.40.0"

info: ::1 - - [30/Jul/2024:09:14:05 +0000] "GET /api/v1/notes/allNotes HTTP/1.1" 400 56 "-" "PostmanRuntime/7.40.0"

info: ::1 - - [30/Jul/2024:09:14:34 +0000] "GET /api/v1/notes/allNotes HTTP/1.1" 200 576 "-" "PostmanRuntime/7.40.0"

info: ::1 - - [30/Jul/2024:09:15:11 +0000] "GET /api/v1/notes/getNote HTTP/1.1" 500 97 "-" "PostmanRuntime/7.40.0"

info: ::1 - - [30/Jul/2024:09:15:31 +0000] "GET /api/v1/notes/getNote/2 HTTP/1.1" 404 47 "-" "PostmanRuntime/7.40.0"

info: ::1 - - [30/Jul/2024:09:15:52 +0000] "GET /api/v1/notes/getNote/2 HTTP/1.1" 200 224 "-" "PostmanRuntime/7.40.0"

info: ::1 - - [30/Jul/2024:09:16:29 +0000] "GET /api/v1/notes/allNotes HTTP/1.1" 200 576 "-" "PostmanRuntime/7.40.0"

info: ::1 - - [30/Jul/2024:09:17:22 +0000] "GET /api/v1/notes/getNote/2 HTTP/1.1" 200 224 "-" "PostmanRuntime/7.40.0"

info: ::1 - - [30/Jul/2024:09:18:26 +0000] "GET /api/v1/notes/archive/2 HTTP/1.1" 404 47 "-" "PostmanRuntime/7.40.0"

info: ::1 - - [30/Jul/2024:09:18:56 +0000] "GET /api/v1/notes/archive/2 HTTP/1.1" 404 47 "-" "PostmanRuntime/7.40.0"

info: ::1 - - [30/Jul/2024:09:19:07 +0000] "GET /api/v1/notes/archive/2 HTTP/1.1" 404 47 "-" "PostmanRuntime/7.40.0"

info: ::1 - - [30/Jul/2024:09:19:22 +0000] "POST /api/v1/notes/archive/2 HTTP/1.1" 500 101 "-" "PostmanRuntime/7.40.0"

info: ::1 - - [30/Jul/2024:09:19:45 +0000] "GET /api/v1/notes/allNotes HTTP/1.1" 200 575 "-" "PostmanRuntime/7.40.0"

info: ::1 - - [30/Jul/2024:09:20:33 +0000] "POST /api/v1/notes/archive/3 HTTP/1.1" 500 101 "-" "PostmanRuntime/7.40.0"

info: ::1 - - [30/Jul/2024:09:20:38 +0000] "POST /api/v1/notes/archive/1 HTTP/1.1" 500 101 "-" "PostmanRuntime/7.40.0"

info: ::1 - - [30/Jul/2024:09:22:17 +0000] "POST /api/v1/notes/archive/1 HTTP/1.1" 500 101 "-" "PostmanRuntime/7.40.0"

info: ::1 - - [30/Jul/2024:09:23:05 +0000] "POST /api/v1/notes/archive/1 HTTP/1.1" 500 101 "-" "PostmanRuntime/7.40.0"

info: ::1 - - [30/Jul/2024:09:23:44 +0000] "POST /api/v1/notes/archive/1 HTTP/1.1" 500 101 "-" "PostmanRuntime/7.40.0"

info: ::1 - - [30/Jul/2024:09:24:10 +0000] "POST /api/v1/notes/archive/1 HTTP/1.1" 500 101 "-" "PostmanRuntime/7.40.0"

info: ::1 - - [30/Jul/2024:09:25:43 +0000] "POST /api/v1/notes/archive/1 HTTP/1.1" 500 101 "-" "PostmanRuntime/7.40.0"

info: ::1 - - [30/Jul/2024:09:25:59 +0000] "POST /api/v1/notes/archive/1 HTTP/1.1" 500 101 "-" "PostmanRuntime/7.40.0"

info: ::1 - - [30/Jul/2024:09:30:54 +0000] "POST /api/v1/notes/archive/1 HTTP/1.1" 200 73 "-" "PostmanRuntime/7.40.0"

info: ::1 - - [30/Jul/2024:09:31:32 +0000] "GET /api/v1/notes/trash/1 HTTP/1.1" 404 47 "-" "PostmanRuntime/7.40.0"

info: ::1 - - [30/Jul/2024:09:31:38 +0000] "POST /api/v1/notes/trash/1 HTTP/1.1" 400 56 "-" "PostmanRuntime/7.40.0"

info: ::1 - - [30/Jul/2024:09:32:10 +0000] "POST /api/v1/notes/trash/1 HTTP/1.1" 200 72 "-" "PostmanRuntime/7.40.0"

info: ::1 - - [30/Jul/2024:09:33:04 +0000] "POST /api/v1/notes/delete/1 HTTP/1.1" 200 72 "-" "PostmanRuntime/7.40.0"

info: ::1 - - [30/Jul/2024:09:41:27 +0000] "POST /api/v1/notes/delete/2 HTTP/1.1" 200 72 "-" "PostmanRuntime/7.40.0"

