info: Server started at http://localhost:3000/api/v1/ {"timestamp":"2024-07-29T05:47:42.294Z"}
info: Server started at http://localhost:3000/api/v1/ {"timestamp":"2024-07-29T05:48:30.826Z"}
info: Server started at http://localhost:3000/api/v1/ {"timestamp":"2024-07-29T05:49:04.971Z"}
info: Server started at http://localhost:3000/api/v1/ {"timestamp":"2024-07-29T05:49:07.699Z"}
info: Server started at http://localhost:3000/api/v1/ {"timestamp":"2024-07-29T05:49:11.142Z"}
info: Server started at http://localhost:3000/api/v1/ {"timestamp":"2024-07-29T05:49:13.112Z"}
info: Server started at http://localhost:3000/api/v1/ {"timestamp":"2024-07-29T05:51:04.860Z"}
error: 
    status - 500 
    message - Error: Cannot set headers after they are sent to the client
    at new NodeError (node:internal/errors:372:5)
    at ServerResponse.setHeader (node:_http_outgoing:576:11)
    at ServerResponse.header (C:\Users\Sakhare Sohan\Desktop\FundooNotes_Project\fundooNotes\node_modules\express\lib\response.js:795:10)
    at ServerResponse.send (C:\Users\Sakhare Sohan\Desktop\FundooNotes_Project\fundooNotes\node_modules\express\lib\response.js:175:12)
    at ServerResponse.json (C:\Users\Sakhare Sohan\Desktop\FundooNotes_Project\fundooNotes\node_modules\express\lib\response.js:279:15)
    at UserController.<anonymous> (C:\Users\Sakhare Sohan\Desktop\FundooNotes_Project\fundooNotes\src\controllers\user.controller.ts:50:33)
    at Generator.next (<anonymous>)
    at fulfilled (C:\Users\Sakhare Sohan\Desktop\FundooNotes_Project\fundooNotes\src\controllers\user.controller.ts:5:58) 
    url - /api/v1/users/login 
    method - POST 
    IP - ::1
   {"timestamp":"2024-07-29T05:55:07.084Z"}
error: 
      status - 400
      message - Authorization token is required 
      url - /api/v1/users/header/10 
      method - GET 
      IP - ::1
     {"timestamp":"2024-07-29T05:55:49.430Z"}
info: Server started at http://localhost:3000/api/v1/ {"timestamp":"2024-07-29T05:56:37.670Z"}
info: Server started at http://localhost:3000/api/v1/ {"timestamp":"2024-07-29T05:56:40.339Z"}
info: Server started at http://localhost:3000/api/v1/ {"timestamp":"2024-07-29T05:56:45.827Z"}
info: Server started at http://localhost:3000/api/v1/ {"timestamp":"2024-07-29T05:56:48.798Z"}
info: Server started at http://localhost:3000/api/v1/ {"timestamp":"2024-07-29T05:56:51.134Z"}
info: Server started at http://localhost:3000/api/v1/ {"timestamp":"2024-07-29T05:56:57.433Z"}
info: Server started at http://localhost:3000/api/v1/ {"timestamp":"2024-07-29T05:57:00.704Z"}
info: Server started at http://localhost:3000/api/v1/ {"timestamp":"2024-07-29T05:57:12.941Z"}
info: Server started at http://localhost:3000/api/v1/ {"timestamp":"2024-07-29T05:57:23.572Z"}
error: 
      status - 400
      message - Authorization token is required 
      url - /api/v1/users/header/10 
      method - GET 
      IP - ::1
     {"timestamp":"2024-07-29T05:57:46.060Z"}
info: Server started at http://localhost:3000/api/v1/ {"timestamp":"2024-07-29T05:58:33.155Z"}
info: Server started at http://localhost:3000/api/v1/ {"timestamp":"2024-07-29T05:58:38.324Z"}
info: Server started at http://localhost:3000/api/v1/ {"timestamp":"2024-07-29T05:58:40.509Z"}
info: Server started at http://localhost:3000/api/v1/ {"timestamp":"2024-07-29T05:58:42.385Z"}
info: Server started at http://localhost:3000/api/v1/ {"timestamp":"2024-07-29T05:58:45.808Z"}
info: Server started at http://localhost:3000/api/v1/ {"timestamp":"2024-07-29T05:58:47.627Z"}
info: Server started at http://localhost:3000/api/v1/ {"timestamp":"2024-07-29T05:58:53.366Z"}
error: 
      status - 400
      message - Authorization token is required 
      url - /api/v1/users/header/10 
      method - GET 
      IP - ::1
     {"timestamp":"2024-07-29T05:59:06.898Z"}
info: Server started at http://localhost:3000/api/v1/ {"timestamp":"2024-07-29T05:59:25.188Z"}
error: 
      status - 400
      message - Authorization token is required 
      url - /api/v1/users/header/10 
      method - GET 
      IP - ::1
     {"timestamp":"2024-07-29T05:59:35.867Z"}
info: Server started at http://localhost:3000/api/v1/ {"timestamp":"2024-07-29T06:00:08.769Z"}
error: 
      status - 400
      message - Authorization token is required 
      url - /api/v1/users/header/10 
      method - GET 
      IP - ::1
     {"timestamp":"2024-07-29T06:00:29.280Z"}
info: Server started at http://localhost:3000/api/v1/ {"timestamp":"2024-07-29T06:06:59.798Z"}
info: Server started at http://localhost:3000/api/v1/ {"timestamp":"2024-07-29T06:07:02.011Z"}
error: 
    status - 500 
    message - Error: User not found
    at UserService.<anonymous> (C:\Users\Sakhare Sohan\Desktop\FundooNotes_Project\fundooNotes\src\services\user.service.ts:56:13)
    at Generator.next (<anonymous>)
    at fulfilled (C:\Users\Sakhare Sohan\Desktop\FundooNotes_Project\fundooNotes\src\services\user.service.ts:28:58)
    at processTicksAndRejections (node:internal/process/task_queues:96:5) 
    url - /api/v1/users/header 
    method - GET 
    IP - ::1
   {"timestamp":"2024-07-29T06:07:09.738Z"}
info: Server started at http://localhost:3000/api/v1/ {"timestamp":"2024-07-29T06:07:54.755Z"}
info: Server started at http://localhost:3000/api/v1/ {"timestamp":"2024-07-29T06:11:17.554Z"}
info: Server started at http://localhost:3000/api/v1/ {"timestamp":"2024-07-29T06:26:58.486Z"}
error: 
    status - 500 
    message - Error: User not found
    at UserService.<anonymous> (C:\Users\Sakhare Sohan\Desktop\FundooNotes_Project\fundooNotes\src\services\user.service.ts:56:13)
    at Generator.next (<anonymous>)
    at fulfilled (C:\Users\Sakhare Sohan\Desktop\FundooNotes_Project\fundooNotes\src\services\user.service.ts:28:58)
    at processTicksAndRejections (node:internal/process/task_queues:96:5) 
    url - /api/v1/users/header/9 
    method - GET 
    IP - ::1
   {"timestamp":"2024-07-29T06:27:27.643Z"}
info: Server started at http://localhost:3000/api/v1/ {"timestamp":"2024-07-29T06:29:19.172Z"}
info: Server started at http://localhost:3000/api/v1/ {"timestamp":"2024-07-29T06:29:20.330Z"}
info: Server started at http://localhost:3000/api/v1/ {"timestamp":"2024-07-29T06:29:23.585Z"}
info: Server started at http://localhost:3000/api/v1/ {"timestamp":"2024-07-29T06:29:26.307Z"}
info: Server started at http://localhost:3000/api/v1/ {"timestamp":"2024-07-29T06:29:29.626Z"}
info: Server started at http://localhost:3000/api/v1/ {"timestamp":"2024-07-29T06:29:31.081Z"}
info: Server started at http://localhost:3000/api/v1/ {"timestamp":"2024-07-29T06:29:35.999Z"}
info: Server started at http://localhost:3000/api/v1/ {"timestamp":"2024-07-29T06:29:37.120Z"}
info: Server started at http://localhost:3000/api/v1/ {"timestamp":"2024-07-29T06:31:52.726Z"}
info: Server started at http://localhost:3000/api/v1/ {"timestamp":"2024-07-29T06:31:56.208Z"}
error: 
    status - 500 
    message - TypeError: Cannot read properties of undefined (reading 'id')
    at C:\Users\Sakhare Sohan\Desktop\FundooNotes_Project\fundooNotes\src\middlewares\auth.middleware.ts:64:22
    at Generator.next (<anonymous>)
    at fulfilled (C:\Users\Sakhare Sohan\Desktop\FundooNotes_Project\fundooNotes\src\middlewares\auth.middleware.ts:5:58)
    at processTicksAndRejections (node:internal/process/task_queues:96:5) 
    url - /api/v1/users/header/11 
    method - GET 
    IP - ::1
   {"timestamp":"2024-07-29T06:31:58.573Z"}
error: 
    status - 500 
    message - TypeError: Cannot read properties of undefined (reading 'id')
    at C:\Users\Sakhare Sohan\Desktop\FundooNotes_Project\fundooNotes\src\middlewares\auth.middleware.ts:64:22
    at Generator.next (<anonymous>)
    at fulfilled (C:\Users\Sakhare Sohan\Desktop\FundooNotes_Project\fundooNotes\src\middlewares\auth.middleware.ts:5:58)
    at processTicksAndRejections (node:internal/process/task_queues:96:5) 
    url - /api/v1/users/header/10 
    method - GET 
    IP - ::1
   {"timestamp":"2024-07-29T06:33:23.131Z"}
info: Server started at http://localhost:3000/api/v1/ {"timestamp":"2024-07-29T06:34:00.738Z"}
info: Server started at http://localhost:3000/api/v1/ {"timestamp":"2024-07-29T06:34:06.581Z"}
info: Server started at http://localhost:3000/api/v1/ {"timestamp":"2024-07-29T06:34:07.784Z"}
info: Server started at http://localhost:3000/api/v1/ {"timestamp":"2024-07-29T06:34:11.282Z"}
info: Server started at http://localhost:3000/api/v1/ {"timestamp":"2024-07-29T06:34:13.560Z"}
info: Server started at http://localhost:3000/api/v1/ {"timestamp":"2024-07-29T06:34:21.352Z"}
info: Server started at http://localhost:3000/api/v1/ {"timestamp":"2024-07-29T06:34:28.373Z"}
info: Server started at http://localhost:3000/api/v1/ {"timestamp":"2024-07-29T06:34:59.341Z"}
info: Server started at http://localhost:3000/api/v1/ {"timestamp":"2024-07-29T06:35:02.982Z"}
info: Server started at http://localhost:3000/api/v1/ {"timestamp":"2024-07-29T06:35:20.127Z"}
info: Server started at http://localhost:3000/api/v1/ {"timestamp":"2024-07-29T06:36:31.517Z"}
info: Server started at http://localhost:3000/api/v1/ {"timestamp":"2024-07-29T06:37:13.691Z"}
info: Server started at http://localhost:3000/api/v1/ {"timestamp":"2024-07-29T06:37:17.585Z"}
error: 
      status - 401
      message - Unauthorized 
      url - /api/v1/users/header/11 
      method - GET 
      IP - ::1
     {"timestamp":"2024-07-29T06:37:20.445Z"}
info: Server started at http://localhost:3000/api/v1/ {"timestamp":"2024-07-29T07:03:25.571Z"}
info: Server started at http://localhost:3000/api/v1/ {"timestamp":"2024-07-29T09:08:19.055Z"}
info: Server started at http://localhost:3000/api/v1/ {"timestamp":"2024-07-29T09:08:26.003Z"}
info: Server started at http://localhost:3000/api/v1/ {"timestamp":"2024-07-29T09:08:27.881Z"}
info: Server started at http://localhost:3000/api/v1/ {"timestamp":"2024-07-29T09:22:15.982Z"}
info: Server started at http://localhost:3000/api/v1/ {"timestamp":"2024-07-29T09:23:42.162Z"}
info: Server started at http://localhost:3000/api/v1/ {"timestamp":"2024-07-29T09:24:41.727Z"}
info: Server started at http://localhost:3000/api/v1/ {"timestamp":"2024-07-29T09:24:48.274Z"}
info: Server started at http://localhost:3000/api/v1/ {"timestamp":"2024-07-29T09:25:13.367Z"}
info: Server started at http://localhost:3000/api/v1/ {"timestamp":"2024-07-29T09:35:49.756Z"}
info: Server started at http://localhost:3000/api/v1/ {"timestamp":"2024-07-29T09:35:51.824Z"}
info: Server started at http://localhost:3000/api/v1/ {"timestamp":"2024-07-29T09:59:07.617Z"}
info: Server started at http://localhost:3000/api/v1/ {"timestamp":"2024-07-29T09:59:15.837Z"}
