info: Server started at localhost:3000/api/v1/ {"timestamp":"2024-08-14T07:55:57.954Z"}
info: Server started at localhost:3000/api/v1/ {"timestamp":"2024-08-14T07:56:45.733Z"}
info: Server started at localhost:3000/api/v1/ {"timestamp":"2024-08-14T08:01:25.271Z"}
info: Server started at localhost:3000/api/v1/ {"timestamp":"2024-08-14T08:01:28.794Z"}
error: 
    status - 500 
    message - TokenExpiredError: jwt expired
    at C:\Users\Sakhare Sohan\Desktop\FundooNotes_Project\fundooNotes\node_modules\jsonwebtoken\verify.js:152:21
    at getSecret (C:\Users\Sakhare Sohan\Desktop\FundooNotes_Project\fundooNotes\node_modules\jsonwebtoken\verify.js:90:14)
    at Object.module.exports [as verify] (C:\Users\Sakhare Sohan\Desktop\FundooNotes_Project\fundooNotes\node_modules\jsonwebtoken\verify.js:94:10)
    at Util.<anonymous> (C:\Users\Sakhare Sohan\Desktop\FundooNotes_Project\fundooNotes\src\utils\user.util.ts:10:26)
    at Generator.next (<anonymous>)
    at C:\Users\Sakhare Sohan\Desktop\FundooNotes_Project\fundooNotes\src\utils\user.util.ts:8:71
    at new Promise (<anonymous>)
    at __awaiter (C:\Users\Sakhare Sohan\Desktop\FundooNotes_Project\fundooNotes\src\utils\user.util.ts:4:12)
    at Util.tokenVerify (C:\Users\Sakhare Sohan\Desktop\FundooNotes_Project\fundooNotes\src\utils\user.util.ts:24:16)
    at C:\Users\Sakhare Sohan\Desktop\FundooNotes_Project\fundooNotes\src\middlewares\auth.middleware.ts:31:35 
    url - /api/v1/notes/ 
    method - GET 
    IP - ::1
   {"timestamp":"2024-08-14T08:01:36.384Z"}
info: Server started at localhost:3000/api/v1/ {"timestamp":"2024-08-14T08:04:30.419Z"}
info: Server started at localhost:3000/api/v1/ {"timestamp":"2024-08-14T08:07:32.946Z"}
info: Server started at localhost:3000/api/v1/ {"timestamp":"2024-08-14T08:07:40.400Z"}
info: Server started at localhost:3000/api/v1/ {"timestamp":"2024-08-14T08:12:02.725Z"}
info: Server started at localhost:3000/api/v1/ {"timestamp":"2024-08-14T08:12:08.474Z"}
info: Server started at localhost:3000/api/v1/ {"timestamp":"2024-08-14T08:12:36.573Z"}
info: Server started at localhost:3000/api/v1/ {"timestamp":"2024-08-14T08:13:17.444Z"}
info: Server started at localhost:3000/api/v1/ {"timestamp":"2024-08-14T08:14:18.182Z"}
info: Server started at localhost:3000/api/v1/ {"timestamp":"2024-08-14T08:16:25.777Z"}
info: Server started at localhost:3000/api/v1/ {"timestamp":"2024-08-14T08:16:31.372Z"}
info: Server started at localhost:3000/api/v1/ {"timestamp":"2024-08-14T08:16:36.146Z"}
info: Server started at localhost:3000/api/v1/ {"timestamp":"2024-08-14T08:16:43.723Z"}
info: Server started at localhost:3000/api/v1/ {"timestamp":"2024-08-14T08:17:51.230Z"}
info: Server started at localhost:3000/api/v1/ {"timestamp":"2024-08-14T08:19:31.342Z"}
info: Server started at localhost:3000/api/v1/ {"timestamp":"2024-08-14T08:19:55.094Z"}
info: Server started at localhost:3000/api/v1/ {"timestamp":"2024-08-14T08:20:18.906Z"}
info: Server started at localhost:3000/api/v1/ {"timestamp":"2024-08-14T08:20:28.200Z"}
info: Server started at localhost:3000/api/v1/ {"timestamp":"2024-08-14T08:20:33.539Z"}
info: Server started at localhost:3000/api/v1/ {"timestamp":"2024-08-14T08:21:16.473Z"}
info: Server started at localhost:3000/api/v1/ {"timestamp":"2024-08-14T08:22:05.136Z"}
info: Server started at localhost:3000/api/v1/ {"timestamp":"2024-08-14T08:22:24.416Z"}
info: Server started at localhost:3000/api/v1/ {"timestamp":"2024-08-14T08:22:31.238Z"}
info: Server started at localhost:3000/api/v1/ {"timestamp":"2024-08-14T08:23:24.275Z"}
info: Server started at localhost:3000/api/v1/ {"timestamp":"2024-08-14T08:23:40.648Z"}
info: Server started at localhost:3000/api/v1/ {"timestamp":"2024-08-14T08:25:43.533Z"}
info: Server started at localhost:3000/api/v1/ {"timestamp":"2024-08-14T08:26:26.818Z"}
info: Server started at localhost:3000/api/v1/ {"timestamp":"2024-08-14T08:26:29.757Z"}
info: Server started at localhost:3000/api/v1/ {"timestamp":"2024-08-14T08:26:34.200Z"}
info: Server started at localhost:3000/api/v1/ {"timestamp":"2024-08-14T08:26:50.515Z"}
info: Server started at localhost:3000/api/v1/ {"timestamp":"2024-08-14T08:26:57.342Z"}
info: Server started at localhost:3000/api/v1/ {"timestamp":"2024-08-14T08:27:15.177Z"}
info: Server started at localhost:3000/api/v1/ {"timestamp":"2024-08-14T08:27:18.612Z"}
info: Server started at localhost:3000/api/v1/ {"timestamp":"2024-08-14T08:27:22.117Z"}
info: Server started at localhost:3000/api/v1/ {"timestamp":"2024-08-14T08:29:22.510Z"}
info: Server started at localhost:3000/api/v1/ {"timestamp":"2024-08-14T08:29:30.173Z"}
info: Server started at localhost:3000/api/v1/ {"timestamp":"2024-08-14T08:30:44.772Z"}
info: Server started at localhost:3000/api/v1/ {"timestamp":"2024-08-14T08:30:48.470Z"}
info: Server started at localhost:3000/api/v1/ {"timestamp":"2024-08-14T08:31:50.586Z"}
info: Server started at localhost:3000/api/v1/ {"timestamp":"2024-08-14T08:33:11.344Z"}
info: Server started at localhost:3000/api/v1/ {"timestamp":"2024-08-14T08:38:42.193Z"}
info: Server started at localhost:3000/api/v1/ {"timestamp":"2024-08-14T08:38:44.081Z"}
info: Server started at localhost:3000/api/v1/ {"timestamp":"2024-08-14T08:38:54.718Z"}
info: Server started at localhost:3000/api/v1/ {"timestamp":"2024-08-14T08:39:55.784Z"}
info: Server started at localhost:3000/api/v1/ {"timestamp":"2024-08-14T08:40:02.021Z"}
info: Server started at localhost:3000/api/v1/ {"timestamp":"2024-08-14T08:40:05.694Z"}
info: Server started at localhost:3000/api/v1/ {"timestamp":"2024-08-14T08:40:54.494Z"}
info: Server started at localhost:3000/api/v1/ {"timestamp":"2024-08-14T08:40:59.452Z"}
info: Server started at localhost:3000/api/v1/ {"timestamp":"2024-08-14T08:41:06.073Z"}
info: Server started at localhost:3000/api/v1/ {"timestamp":"2024-08-14T08:41:20.501Z"}
info: Server started at localhost:3000/api/v1/ {"timestamp":"2024-08-14T08:41:31.073Z"}
info: Server started at localhost:3000/api/v1/ {"timestamp":"2024-08-14T08:41:39.058Z"}
info: Server started at localhost:3000/api/v1/ {"timestamp":"2024-08-14T08:41:56.210Z"}
info: Server started at localhost:3000/api/v1/ {"timestamp":"2024-08-14T08:41:58.852Z"}
info: Server started at localhost:3000/api/v1/ {"timestamp":"2024-08-14T08:42:11.837Z"}
info: Server started at localhost:3000/api/v1/ {"timestamp":"2024-08-14T08:42:14.249Z"}
info: Server started at localhost:3000/api/v1/ {"timestamp":"2024-08-14T08:42:16.571Z"}
info: Server started at localhost:3000/api/v1/ {"timestamp":"2024-08-14T08:42:36.304Z"}
info: Server started at localhost:3000/api/v1/ {"timestamp":"2024-08-14T08:44:22.738Z"}
info: Server started at localhost:3000/api/v1/ {"timestamp":"2024-08-14T08:44:25.192Z"}
info: Server started at localhost:3000/api/v1/ {"timestamp":"2024-08-14T08:44:40.781Z"}
info: Server started at localhost:3000/api/v1/ {"timestamp":"2024-08-14T08:44:43.897Z"}
info: Server started at localhost:3000/api/v1/ {"timestamp":"2024-08-14T08:45:35.188Z"}
info: Server started at localhost:3000/api/v1/ {"timestamp":"2024-08-14T08:45:38.323Z"}
info: Server started at localhost:3000/api/v1/ {"timestamp":"2024-08-14T08:45:44.168Z"}
info: Server started at localhost:3000/api/v1/ {"timestamp":"2024-08-14T08:45:47.963Z"}
info: Server started at localhost:3000/api/v1/ {"timestamp":"2024-08-14T08:45:53.257Z"}
info: Server started at localhost:3000/api/v1/ {"timestamp":"2024-08-14T08:46:18.228Z"}
info: Server started at localhost:3000/api/v1/ {"timestamp":"2024-08-14T08:46:20.647Z"}
info: Server started at localhost:3000/api/v1/ {"timestamp":"2024-08-14T08:46:22.191Z"}
info: Server started at localhost:3000/api/v1/ {"timestamp":"2024-08-14T08:49:29.075Z"}
info: Server started at localhost:3000/api/v1/ {"timestamp":"2024-08-14T08:49:35.634Z"}
info: Server started at localhost:3000/api/v1/ {"timestamp":"2024-08-14T08:49:41.406Z"}
info: Server started at localhost:3000/api/v1/ {"timestamp":"2024-08-14T08:50:19.252Z"}
info: Server started at localhost:3000/api/v1/ {"timestamp":"2024-08-14T08:50:22.923Z"}
info: Server started at localhost:3000/api/v1/ {"timestamp":"2024-08-14T08:50:24.993Z"}
info: Server started at localhost:3000/api/v1/ {"timestamp":"2024-08-14T08:50:30.035Z"}
info: Server started at localhost:3000/api/v1/ {"timestamp":"2024-08-14T08:50:32.017Z"}
info: Server started at localhost:3000/api/v1/ {"timestamp":"2024-08-14T08:50:34.578Z"}
info: Server started at localhost:3000/api/v1/ {"timestamp":"2024-08-14T08:50:40.791Z"}
info: Server started at localhost:3000/api/v1/ {"timestamp":"2024-08-14T08:50:52.280Z"}
info: Server started at localhost:3000/api/v1/ {"timestamp":"2024-08-14T08:51:56.492Z"}
info: Server started at localhost:3000/api/v1/ {"timestamp":"2024-08-14T08:52:09.503Z"}
info: Server started at localhost:3000/api/v1/ {"timestamp":"2024-08-14T08:52:13.552Z"}
info: Server started at localhost:3000/api/v1/ {"timestamp":"2024-08-14T08:52:21.023Z"}
info: Server started at localhost:3000/api/v1/ {"timestamp":"2024-08-14T08:52:27.015Z"}
info: Server started at localhost:3000/api/v1/ {"timestamp":"2024-08-14T08:52:32.291Z"}
info: Server started at localhost:3000/api/v1/ {"timestamp":"2024-08-14T08:52:35.012Z"}
info: Server started at localhost:3000/api/v1/ {"timestamp":"2024-08-14T08:54:49.139Z"}
info: Server started at localhost:3000/api/v1/ {"timestamp":"2024-08-14T08:54:53.917Z"}
info: Server started at localhost:3000/api/v1/ {"timestamp":"2024-08-14T08:54:55.427Z"}
info: Server started at localhost:3000/api/v1/ {"timestamp":"2024-08-14T08:56:27.123Z"}
info: Server started at localhost:3000/api/v1/ {"timestamp":"2024-08-14T08:57:24.822Z"}
info: Server started at localhost:3000/api/v1/ {"timestamp":"2024-08-14T08:58:55.791Z"}
info: Server started at localhost:3000/api/v1/ {"timestamp":"2024-08-14T08:59:14.502Z"}
info: Server started at localhost:3000/api/v1/ {"timestamp":"2024-08-14T08:59:17.102Z"}
info: Server started at localhost:3000/api/v1/ {"timestamp":"2024-08-14T08:59:19.871Z"}
info: Server started at localhost:3000/api/v1/ {"timestamp":"2024-08-14T08:59:22.940Z"}
info: Server started at localhost:3000/api/v1/ {"timestamp":"2024-08-14T08:59:25.528Z"}
info: Server started at localhost:3000/api/v1/ {"timestamp":"2024-08-14T08:59:27.737Z"}
info: Server started at localhost:3000/api/v1/ {"timestamp":"2024-08-14T08:59:33.385Z"}
info: Server started at localhost:3000/api/v1/ {"timestamp":"2024-08-14T09:00:24.085Z"}
info: Server started at localhost:3000/api/v1/ {"timestamp":"2024-08-14T09:00:25.834Z"}
info: Server started at localhost:3000/api/v1/ {"timestamp":"2024-08-14T09:00:27.945Z"}
info: Server started at localhost:3000/api/v1/ {"timestamp":"2024-08-14T09:00:31.668Z"}
info: Server started at localhost:3000/api/v1/ {"timestamp":"2024-08-14T09:00:37.450Z"}
info: Server started at localhost:3000/api/v1/ {"timestamp":"2024-08-14T09:02:38.922Z"}
info: Server started at localhost:3000/api/v1/ {"timestamp":"2024-08-14T09:02:51.391Z"}
info: Server started at localhost:3000/api/v1/ {"timestamp":"2024-08-14T09:02:52.453Z"}
info: Server started at localhost:3000/api/v1/ {"timestamp":"2024-08-14T09:04:22.311Z"}
info: Server started at localhost:3000/api/v1/ {"timestamp":"2024-08-14T09:04:37.041Z"}
info: Server started at localhost:3000/api/v1/ {"timestamp":"2024-08-14T09:04:46.574Z"}
info: Server started at localhost:3000/api/v1/ {"timestamp":"2024-08-14T09:04:57.841Z"}
info: Server started at localhost:3000/api/v1/ {"timestamp":"2024-08-14T09:04:59.838Z"}
info: Server started at localhost:3000/api/v1/ {"timestamp":"2024-08-14T09:05:46.196Z"}
info: Server started at localhost:3000/api/v1/ {"timestamp":"2024-08-14T09:05:47.399Z"}
info: Server started at localhost:3000/api/v1/ {"timestamp":"2024-08-14T09:06:33.512Z"}
info: Server started at localhost:3000/api/v1/ {"timestamp":"2024-08-14T09:06:36.432Z"}
info: Server started at localhost:3000/api/v1/ {"timestamp":"2024-08-14T09:06:41.500Z"}
info: Server started at localhost:3000/api/v1/ {"timestamp":"2024-08-14T09:07:13.605Z"}
info: Server started at localhost:3000/api/v1/ {"timestamp":"2024-08-14T09:07:18.588Z"}
info: Server started at localhost:3000/api/v1/ {"timestamp":"2024-08-14T09:07:21.166Z"}
info: Server started at localhost:3000/api/v1/ {"timestamp":"2024-08-14T09:07:41.449Z"}
info: Server started at localhost:3000/api/v1/ {"timestamp":"2024-08-14T09:10:12.910Z"}
info: Server started at localhost:3000/api/v1/ {"timestamp":"2024-08-14T09:10:22.131Z"}
error: 
    status - 500 
    message - TokenExpiredError: jwt expired
    at C:\Users\Sakhare Sohan\Desktop\FundooNotes_Project\fundooNotes\node_modules\jsonwebtoken\verify.js:152:21
    at getSecret (C:\Users\Sakhare Sohan\Desktop\FundooNotes_Project\fundooNotes\node_modules\jsonwebtoken\verify.js:90:14)
    at Object.module.exports [as verify] (C:\Users\Sakhare Sohan\Desktop\FundooNotes_Project\fundooNotes\node_modules\jsonwebtoken\verify.js:94:10)
    at Util.<anonymous> (C:\Users\Sakhare Sohan\Desktop\FundooNotes_Project\fundooNotes\src\utils\user.util.ts:10:26)
    at Generator.next (<anonymous>)
    at C:\Users\Sakhare Sohan\Desktop\FundooNotes_Project\fundooNotes\src\utils\user.util.ts:8:71
    at new Promise (<anonymous>)
    at __awaiter (C:\Users\Sakhare Sohan\Desktop\FundooNotes_Project\fundooNotes\src\utils\user.util.ts:4:12)
    at Util.tokenVerify (C:\Users\Sakhare Sohan\Desktop\FundooNotes_Project\fundooNotes\src\utils\user.util.ts:24:16)
    at C:\Users\Sakhare Sohan\Desktop\FundooNotes_Project\fundooNotes\src\middlewares\auth.middleware.ts:31:35 
    url - /api/v1/notes/ 
    method - GET 
    IP - ::1
   {"timestamp":"2024-08-14T09:10:29.888Z"}
info: Server started at localhost:3000/api/v1/ {"timestamp":"2024-08-14T09:11:16.739Z"}
info: Server started at localhost:3000/api/v1/ {"timestamp":"2024-08-14T09:13:22.530Z"}
info: Server started at localhost:3000/api/v1/ {"timestamp":"2024-08-14T09:13:26.319Z"}
info: Server started at localhost:3000/api/v1/ {"timestamp":"2024-08-14T09:13:30.928Z"}
info: Server started at localhost:3000/api/v1/ {"timestamp":"2024-08-14T09:13:37.180Z"}
info: Server started at localhost:3000/api/v1/ {"timestamp":"2024-08-14T09:13:38.878Z"}
info: Server started at localhost:3000/api/v1/ {"timestamp":"2024-08-14T09:13:47.639Z"}
info: Server started at localhost:3000/api/v1/ {"timestamp":"2024-08-14T09:13:52.472Z"}
info: Server started at localhost:3000/api/v1/ {"timestamp":"2024-08-14T09:13:53.518Z"}
info: Server started at localhost:3000/api/v1/ {"timestamp":"2024-08-14T09:15:56.939Z"}
info: Server started at localhost:3000/api/v1/ {"timestamp":"2024-08-14T09:18:25.775Z"}
info: Server started at localhost:3000/api/v1/ {"timestamp":"2024-08-14T09:18:29.361Z"}
info: Server started at localhost:3000/api/v1/ {"timestamp":"2024-08-14T09:18:35.258Z"}
info: Server started at localhost:3000/api/v1/ {"timestamp":"2024-08-14T09:18:36.397Z"}
info: Server started at localhost:3000/api/v1/ {"timestamp":"2024-08-14T09:19:43.306Z"}
info: Server started at localhost:3000/api/v1/ {"timestamp":"2024-08-14T09:19:57.891Z"}
info: Server started at localhost:3000/api/v1/ {"timestamp":"2024-08-14T09:20:31.000Z"}
info: Server started at localhost:3000/api/v1/ {"timestamp":"2024-08-14T09:22:00.415Z"}
info: Server started at localhost:3000/api/v1/ {"timestamp":"2024-08-14T09:22:27.668Z"}
info: Server started at localhost:3000/api/v1/ {"timestamp":"2024-08-14T09:22:29.023Z"}
info: Server started at localhost:3000/api/v1/ {"timestamp":"2024-08-14T09:25:07.808Z"}
info: Server started at localhost:3000/api/v1/ {"timestamp":"2024-08-14T09:25:28.193Z"}
info: Server started at localhost:3000/api/v1/ {"timestamp":"2024-08-14T09:26:16.899Z"}
info: Server started at localhost:3000/api/v1/ {"timestamp":"2024-08-14T09:26:24.473Z"}
info: Server started at localhost:3000/api/v1/ {"timestamp":"2024-08-14T09:26:26.865Z"}
info: Server started at localhost:3000/api/v1/ {"timestamp":"2024-08-14T09:26:29.224Z"}
info: Server started at localhost:3000/api/v1/ {"timestamp":"2024-08-14T09:26:31.365Z"}
info: Server started at localhost:3000/api/v1/ {"timestamp":"2024-08-14T09:26:34.483Z"}
info: Server started at localhost:3000/api/v1/ {"timestamp":"2024-08-14T09:26:38.648Z"}
info: Server started at localhost:3000/api/v1/ {"timestamp":"2024-08-14T09:26:41.688Z"}
info: Server started at localhost:3000/api/v1/ {"timestamp":"2024-08-14T09:26:44.575Z"}
info: Server started at localhost:3000/api/v1/ {"timestamp":"2024-08-14T09:26:46.374Z"}
info: Server started at localhost:3000/api/v1/ {"timestamp":"2024-08-14T09:26:48.633Z"}
info: Server started at localhost:3000/api/v1/ {"timestamp":"2024-08-14T09:26:59.343Z"}
info: Server started at localhost:3000/api/v1/ {"timestamp":"2024-08-14T09:27:01.681Z"}
info: Server started at localhost:3000/api/v1/ {"timestamp":"2024-08-14T09:27:03.123Z"}
info: Server started at localhost:3000/api/v1/ {"timestamp":"2024-08-14T09:27:04.199Z"}
info: Server started at localhost:3000/api/v1/ {"timestamp":"2024-08-14T09:27:07.574Z"}
info: Server started at localhost:3000/api/v1/ {"timestamp":"2024-08-14T09:28:24.911Z"}
info: Server started at localhost:3000/api/v1/ {"timestamp":"2024-08-14T09:29:04.042Z"}
info: Server started at localhost:3000/api/v1/ {"timestamp":"2024-08-14T09:30:57.687Z"}
info: Server started at localhost:3000/api/v1/ {"timestamp":"2024-08-14T09:30:59.175Z"}
info: Server started at localhost:3000/api/v1/ {"timestamp":"2024-08-14T09:31:01.882Z"}
info: Server started at localhost:3000/api/v1/ {"timestamp":"2024-08-14T09:31:06.821Z"}
info: Server started at localhost:3000/api/v1/ {"timestamp":"2024-08-14T09:31:14.491Z"}
info: Server started at localhost:3000/api/v1/ {"timestamp":"2024-08-14T09:32:09.472Z"}
info: Server started at localhost:3000/api/v1/ {"timestamp":"2024-08-14T09:32:52.629Z"}
info: Server started at localhost:3000/api/v1/ {"timestamp":"2024-08-14T09:32:54.194Z"}
info: Server started at localhost:3000/api/v1/ {"timestamp":"2024-08-14T09:42:56.311Z"}
info: Server started at localhost:3000/api/v1/ {"timestamp":"2024-08-14T10:36:42.792Z"}
info: Server started at localhost:3000/api/v1/ {"timestamp":"2024-08-14T10:37:30.898Z"}
info: Server started at localhost:3000/api/v1/ {"timestamp":"2024-08-14T10:37:33.272Z"}
info: Server started at localhost:3000/api/v1/ {"timestamp":"2024-08-14T10:43:26.926Z"}
info: Server started at localhost:3000/api/v1/ {"timestamp":"2024-08-14T10:44:28.521Z"}
info: Server started at localhost:3000/api/v1/ {"timestamp":"2024-08-14T10:44:32.595Z"}
error: 
    status - 500 
    message - TokenExpiredError: jwt expired
    at C:\Users\Sakhare Sohan\Desktop\FundooNotes_Project\fundooNotes\node_modules\jsonwebtoken\verify.js:152:21
    at getSecret (C:\Users\Sakhare Sohan\Desktop\FundooNotes_Project\fundooNotes\node_modules\jsonwebtoken\verify.js:90:14)
    at Object.module.exports [as verify] (C:\Users\Sakhare Sohan\Desktop\FundooNotes_Project\fundooNotes\node_modules\jsonwebtoken\verify.js:94:10)
    at Util.<anonymous> (C:\Users\Sakhare Sohan\Desktop\FundooNotes_Project\fundooNotes\src\utils\user.util.ts:10:26)
    at Generator.next (<anonymous>)
    at C:\Users\Sakhare Sohan\Desktop\FundooNotes_Project\fundooNotes\src\utils\user.util.ts:8:71
    at new Promise (<anonymous>)
    at __awaiter (C:\Users\Sakhare Sohan\Desktop\FundooNotes_Project\fundooNotes\src\utils\user.util.ts:4:12)
    at Util.tokenVerify (C:\Users\Sakhare Sohan\Desktop\FundooNotes_Project\fundooNotes\src\utils\user.util.ts:24:16)
    at C:\Users\Sakhare Sohan\Desktop\FundooNotes_Project\fundooNotes\src\middlewares\auth.middleware.ts:31:35 
    url - /api/v1/notes/ 
    method - GET 
    IP - ::1
   {"timestamp":"2024-08-14T10:44:37.562Z"}
info: Server started at localhost:3000/api/v1/ {"timestamp":"2024-08-14T10:46:49.649Z"}
info: Server started at localhost:3000/api/v1/ {"timestamp":"2024-08-14T10:47:18.389Z"}
info: Server started at localhost:3000/api/v1/ {"timestamp":"2024-08-14T10:47:21.956Z"}
info: Server started at localhost:3000/api/v1/ {"timestamp":"2024-08-14T10:47:28.271Z"}
info: Server started at localhost:3000/api/v1/ {"timestamp":"2024-08-14T10:47:57.193Z"}
info: Server started at localhost:3000/api/v1/ {"timestamp":"2024-08-14T10:48:06.651Z"}
info: Server started at localhost:3000/api/v1/ {"timestamp":"2024-08-14T10:48:11.130Z"}
info: Server started at localhost:3000/api/v1/ {"timestamp":"2024-08-14T10:48:18.362Z"}
info: Server started at localhost:3000/api/v1/ {"timestamp":"2024-08-14T10:48:23.395Z"}
info: Server started at localhost:3000/api/v1/ {"timestamp":"2024-08-14T10:48:45.907Z"}
info: Server started at localhost:3000/api/v1/ {"timestamp":"2024-08-14T10:51:06.467Z"}
info: Server started at localhost:3000/api/v1/ {"timestamp":"2024-08-14T10:52:49.898Z"}
info: Server started at localhost:3000/api/v1/ {"timestamp":"2024-08-14T10:52:52.917Z"}
info: Server started at localhost:3000/api/v1/ {"timestamp":"2024-08-14T10:53:18.507Z"}
info: Server started at localhost:3000/api/v1/ {"timestamp":"2024-08-14T10:53:21.894Z"}
info: Server started at localhost:3000/api/v1/ {"timestamp":"2024-08-14T10:53:25.196Z"}
info: Server started at localhost:3000/api/v1/ {"timestamp":"2024-08-14T10:55:14.413Z"}
info: Server started at localhost:3000/api/v1/ {"timestamp":"2024-08-14T10:55:28.904Z"}
info: Server started at localhost:3000/api/v1/ {"timestamp":"2024-08-14T11:04:06.520Z"}
info: Server started at localhost:3000/api/v1/ {"timestamp":"2024-08-14T11:04:27.394Z"}
info: Server started at localhost:3000/api/v1/ {"timestamp":"2024-08-14T11:04:49.714Z"}
info: Server started at localhost:3000/api/v1/ {"timestamp":"2024-08-14T11:04:55.630Z"}
info: Server started at localhost:3000/api/v1/ {"timestamp":"2024-08-14T11:05:00.916Z"}
info: Server started at localhost:3000/api/v1/ {"timestamp":"2024-08-14T11:05:03.869Z"}
info: Server started at localhost:3000/api/v1/ {"timestamp":"2024-08-14T11:05:37.406Z"}
info: Server started at localhost:3000/api/v1/ {"timestamp":"2024-08-14T11:05:44.102Z"}
info: Server started at localhost:3000/api/v1/ {"timestamp":"2024-08-14T11:05:47.386Z"}
info: Server started at localhost:3000/api/v1/ {"timestamp":"2024-08-14T11:05:53.171Z"}
info: Server started at localhost:3000/api/v1/ {"timestamp":"2024-08-14T11:07:37.413Z"}
info: Server started at localhost:3000/api/v1/ {"timestamp":"2024-08-14T11:07:39.349Z"}
info: Server started at localhost:3000/api/v1/ {"timestamp":"2024-08-14T11:07:44.377Z"}
info: Server started at localhost:3000/api/v1/ {"timestamp":"2024-08-14T11:07:49.056Z"}
info: Server started at localhost:3000/api/v1/ {"timestamp":"2024-08-14T11:07:51.838Z"}
info: Server started at localhost:3000/api/v1/ {"timestamp":"2024-08-14T11:08:03.075Z"}
info: Server started at localhost:3000/api/v1/ {"timestamp":"2024-08-14T11:08:04.989Z"}
info: Server started at localhost:3000/api/v1/ {"timestamp":"2024-08-14T11:08:12.246Z"}
info: Server started at localhost:3000/api/v1/ {"timestamp":"2024-08-14T11:08:22.533Z"}
info: Server started at localhost:3000/api/v1/ {"timestamp":"2024-08-14T11:11:02.174Z"}
info: Server started at localhost:3000/api/v1/ {"timestamp":"2024-08-14T11:11:47.057Z"}
info: Server started at localhost:3000/api/v1/ {"timestamp":"2024-08-14T11:11:51.138Z"}
info: Server started at localhost:3000/api/v1/ {"timestamp":"2024-08-14T11:11:53.566Z"}
info: Server started at localhost:3000/api/v1/ {"timestamp":"2024-08-14T11:11:57.410Z"}
info: Server started at localhost:3000/api/v1/ {"timestamp":"2024-08-14T11:12:09.174Z"}
info: Server started at localhost:3000/api/v1/ {"timestamp":"2024-08-14T11:12:21.949Z"}
info: Server started at localhost:3000/api/v1/ {"timestamp":"2024-08-14T11:12:25.161Z"}
info: Server started at localhost:3000/api/v1/ {"timestamp":"2024-08-14T11:12:27.097Z"}
info: Server started at localhost:3000/api/v1/ {"timestamp":"2024-08-14T11:12:28.746Z"}
info: Server started at localhost:3000/api/v1/ {"timestamp":"2024-08-14T11:12:53.764Z"}
info: Server started at localhost:3000/api/v1/ {"timestamp":"2024-08-14T11:12:57.143Z"}
info: Server started at localhost:3000/api/v1/ {"timestamp":"2024-08-14T11:13:36.476Z"}
info: Server started at localhost:3000/api/v1/ {"timestamp":"2024-08-14T11:13:38.323Z"}
info: Server started at localhost:3000/api/v1/ {"timestamp":"2024-08-14T11:13:41.786Z"}
info: Server started at localhost:3000/api/v1/ {"timestamp":"2024-08-14T11:13:43.603Z"}
info: Server started at localhost:3000/api/v1/ {"timestamp":"2024-08-14T11:14:34.460Z"}
info: Server started at localhost:3000/api/v1/ {"timestamp":"2024-08-14T11:14:39.618Z"}
info: Server started at localhost:3000/api/v1/ {"timestamp":"2024-08-14T11:15:40.995Z"}
info: Server started at localhost:3000/api/v1/ {"timestamp":"2024-08-14T11:17:07.840Z"}
info: Server started at localhost:3000/api/v1/ {"timestamp":"2024-08-14T11:17:22.990Z"}
info: Server started at localhost:3000/api/v1/ {"timestamp":"2024-08-14T11:17:29.443Z"}
info: Server started at localhost:3000/api/v1/ {"timestamp":"2024-08-14T11:17:39.518Z"}
info: Server started at localhost:3000/api/v1/ {"timestamp":"2024-08-14T11:17:42.958Z"}
info: Server started at localhost:3000/api/v1/ {"timestamp":"2024-08-14T11:17:46.288Z"}
info: Server started at localhost:3000/api/v1/ {"timestamp":"2024-08-14T11:17:51.843Z"}
info: Server started at localhost:3000/api/v1/ {"timestamp":"2024-08-14T11:18:20.190Z"}
info: Server started at localhost:3000/api/v1/ {"timestamp":"2024-08-14T11:18:22.545Z"}
info: Server started at localhost:3000/api/v1/ {"timestamp":"2024-08-14T11:18:25.714Z"}
info: Server started at localhost:3000/api/v1/ {"timestamp":"2024-08-14T11:18:47.633Z"}
info: Server started at localhost:3000/api/v1/ {"timestamp":"2024-08-14T11:18:57.016Z"}
info: Server started at localhost:3000/api/v1/ {"timestamp":"2024-08-14T11:23:14.387Z"}
info: Server started at localhost:3000/api/v1/ {"timestamp":"2024-08-14T11:23:19.656Z"}
info: Server started at localhost:3000/api/v1/ {"timestamp":"2024-08-14T11:23:24.462Z"}
info: Server started at localhost:3000/api/v1/ {"timestamp":"2024-08-14T11:23:45.018Z"}
info: Server started at localhost:3000/api/v1/ {"timestamp":"2024-08-14T11:26:35.817Z"}
info: Server started at localhost:3000/api/v1/ {"timestamp":"2024-08-14T11:27:24.915Z"}
error: 
    status - 500 
    message - TokenExpiredError: jwt expired
    at C:\Users\Sakhare Sohan\Desktop\FundooNotes_Project\fundooNotes\node_modules\jsonwebtoken\verify.js:152:21
    at getSecret (C:\Users\Sakhare Sohan\Desktop\FundooNotes_Project\fundooNotes\node_modules\jsonwebtoken\verify.js:90:14)
    at Object.module.exports [as verify] (C:\Users\Sakhare Sohan\Desktop\FundooNotes_Project\fundooNotes\node_modules\jsonwebtoken\verify.js:94:10)
    at Util.<anonymous> (C:\Users\Sakhare Sohan\Desktop\FundooNotes_Project\fundooNotes\src\utils\user.util.ts:10:26)
    at Generator.next (<anonymous>)
    at C:\Users\Sakhare Sohan\Desktop\FundooNotes_Project\fundooNotes\src\utils\user.util.ts:8:71
    at new Promise (<anonymous>)
    at __awaiter (C:\Users\Sakhare Sohan\Desktop\FundooNotes_Project\fundooNotes\src\utils\user.util.ts:4:12)
    at Util.tokenVerify (C:\Users\Sakhare Sohan\Desktop\FundooNotes_Project\fundooNotes\src\utils\user.util.ts:24:16)
    at C:\Users\Sakhare Sohan\Desktop\FundooNotes_Project\fundooNotes\src\middlewares\auth.middleware.ts:31:35 
    url - /api/v1/notes/ 
    method - POST 
    IP - ::1
   {"timestamp":"2024-08-14T11:27:30.300Z"}
info: Server started at localhost:3000/api/v1/ {"timestamp":"2024-08-14T11:28:03.267Z"}
info: Server started at localhost:3000/api/v1/ {"timestamp":"2024-08-14T11:28:04.904Z"}
info: Server started at localhost:3000/api/v1/ {"timestamp":"2024-08-14T11:28:13.274Z"}
info: Server started at localhost:3000/api/v1/ {"timestamp":"2024-08-14T11:28:26.393Z"}
info: Server started at localhost:3000/api/v1/ {"timestamp":"2024-08-14T11:29:11.881Z"}
info: Server started at localhost:3000/api/v1/ {"timestamp":"2024-08-14T11:29:14.249Z"}
info: Server started at localhost:3000/api/v1/ {"timestamp":"2024-08-14T11:29:26.624Z"}
info: Server started at localhost:3000/api/v1/ {"timestamp":"2024-08-14T11:29:43.509Z"}
info: Server started at localhost:3000/api/v1/ {"timestamp":"2024-08-14T11:30:07.686Z"}
info: Server started at localhost:3000/api/v1/ {"timestamp":"2024-08-14T11:30:10.733Z"}
info: Server started at localhost:3000/api/v1/ {"timestamp":"2024-08-14T11:31:19.346Z"}
info: Server started at localhost:3000/api/v1/ {"timestamp":"2024-08-14T11:31:41.705Z"}
info: Server started at localhost:3000/api/v1/ {"timestamp":"2024-08-14T11:31:48.386Z"}
info: Server started at localhost:3000/api/v1/ {"timestamp":"2024-08-14T11:31:53.676Z"}
info: Server started at localhost:3000/api/v1/ {"timestamp":"2024-08-14T11:32:01.669Z"}
info: Server started at localhost:3000/api/v1/ {"timestamp":"2024-08-14T11:32:17.551Z"}
info: Server started at localhost:3000/api/v1/ {"timestamp":"2024-08-14T11:32:19.978Z"}
info: Server started at localhost:3000/api/v1/ {"timestamp":"2024-08-14T11:37:24.891Z"}
info: Server started at localhost:3000/api/v1/ {"timestamp":"2024-08-14T11:37:34.880Z"}
info: Server started at localhost:3000/api/v1/ {"timestamp":"2024-08-14T11:37:44.138Z"}
info: Server started at localhost:3000/api/v1/ {"timestamp":"2024-08-14T11:40:47.572Z"}
info: Server started at localhost:3000/api/v1/ {"timestamp":"2024-08-14T11:41:07.016Z"}
info: Server started at localhost:3000/api/v1/ {"timestamp":"2024-08-14T11:41:13.971Z"}
info: Server started at localhost:3000/api/v1/ {"timestamp":"2024-08-14T12:06:13.841Z"}
info: Server started at localhost:3000/api/v1/ {"timestamp":"2024-08-14T12:10:50.372Z"}
info: Server started at localhost:3000/api/v1/ {"timestamp":"2024-08-14T12:12:35.752Z"}
info: Server started at localhost:3000/api/v1/ {"timestamp":"2024-08-14T12:12:37.548Z"}
info: Server started at localhost:3000/api/v1/ {"timestamp":"2024-08-14T12:12:39.093Z"}
info: Server started at localhost:3000/api/v1/ {"timestamp":"2024-08-14T12:13:08.944Z"}
info: Server started at localhost:3000/api/v1/ {"timestamp":"2024-08-14T12:14:31.772Z"}
info: Server started at localhost:3000/api/v1/ {"timestamp":"2024-08-14T12:14:43.807Z"}
info: Server started at localhost:3000/api/v1/ {"timestamp":"2024-08-14T12:14:45.236Z"}
info: Server started at localhost:3000/api/v1/ {"timestamp":"2024-08-14T12:14:50.305Z"}
info: Server started at localhost:3000/api/v1/ {"timestamp":"2024-08-14T12:14:58.596Z"}
info: Server started at localhost:3000/api/v1/ {"timestamp":"2024-08-14T12:15:12.583Z"}
info: Server started at localhost:3000/api/v1/ {"timestamp":"2024-08-14T12:15:14.504Z"}
info: Server started at localhost:3000/api/v1/ {"timestamp":"2024-08-14T12:15:20.684Z"}
info: Server started at localhost:3000/api/v1/ {"timestamp":"2024-08-14T12:15:25.329Z"}
info: Server started at localhost:3000/api/v1/ {"timestamp":"2024-08-14T12:15:27.531Z"}
info: Server started at localhost:3000/api/v1/ {"timestamp":"2024-08-14T12:15:30.859Z"}
info: Server started at localhost:3000/api/v1/ {"timestamp":"2024-08-14T12:20:34.443Z"}
info: Server started at localhost:3000/api/v1/ {"timestamp":"2024-08-14T12:21:12.513Z"}
info: Server started at localhost:3000/api/v1/ {"timestamp":"2024-08-14T12:21:14.131Z"}
info: Server started at localhost:3000/api/v1/ {"timestamp":"2024-08-14T12:24:52.888Z"}
info: Server started at localhost:3000/api/v1/ {"timestamp":"2024-08-14T12:25:08.941Z"}
info: Server started at localhost:3000/api/v1/ {"timestamp":"2024-08-14T12:25:44.250Z"}
info: Server started at localhost:3000/api/v1/ {"timestamp":"2024-08-14T12:25:45.682Z"}
info: Server started at localhost:3000/api/v1/ {"timestamp":"2024-08-14T12:26:03.769Z"}
info: Server started at localhost:3000/api/v1/ {"timestamp":"2024-08-14T12:26:05.225Z"}
info: Server started at localhost:3000/api/v1/ {"timestamp":"2024-08-14T12:26:14.779Z"}
info: Server started at localhost:3000/api/v1/ {"timestamp":"2024-08-14T12:26:22.786Z"}
info: Server started at localhost:3000/api/v1/ {"timestamp":"2024-08-14T12:28:00.161Z"}
info: Server started at localhost:3000/api/v1/ {"timestamp":"2024-08-14T12:28:01.897Z"}
info: Server started at localhost:3000/api/v1/ {"timestamp":"2024-08-14T12:28:05.687Z"}
info: Server started at localhost:3000/api/v1/ {"timestamp":"2024-08-14T12:28:07.763Z"}
info: Server started at localhost:3000/api/v1/ {"timestamp":"2024-08-14T12:28:14.116Z"}
info: Server started at localhost:3000/api/v1/ {"timestamp":"2024-08-14T12:28:18.219Z"}
