info: Server started at localhost:5432/api/v1/ {"timestamp":"2024-07-30T18:33:14.411Z"}
info: Server started at localhost:5432/api/v1/ {"timestamp":"2024-07-30T18:33:26.212Z"}
info: Server started at localhost:5432/api/v1/ {"timestamp":"2024-07-30T18:33:28.271Z"}
info: Server started at localhost:5432/api/v1/ {"timestamp":"2024-07-30T18:33:33.477Z"}
info: Server started at localhost:5432/api/v1/ {"timestamp":"2024-07-30T18:33:53.260Z"}
info: Server started at localhost:5432/api/v1/ {"timestamp":"2024-07-30T18:34:43.827Z"}
info: Server started at localhost:5432/api/v1/ {"timestamp":"2024-07-30T18:34:48.541Z"}
info: Server started at localhost:5432/api/v1/ {"timestamp":"2024-07-30T18:34:51.875Z"}
info: Server started at localhost:5432/api/v1/ {"timestamp":"2024-07-30T18:35:53.808Z"}
info: Server started at localhost:5432/api/v1/ {"timestamp":"2024-07-30T18:36:05.711Z"}
info: Server started at localhost:5432/api/v1/ {"timestamp":"2024-07-30T18:41:07.441Z"}
info: Server started at localhost:5432/api/v1/ {"timestamp":"2024-07-30T18:41:13.085Z"}
info: Server started at localhost:5432/api/v1/ {"timestamp":"2024-07-30T18:41:16.718Z"}
info: Server started at localhost:5432/api/v1/ {"timestamp":"2024-07-30T18:41:24.590Z"}
info: Server started at localhost:5432/api/v1/ {"timestamp":"2024-07-30T18:41:28.206Z"}
info: Server started at localhost:5432/api/v1/ {"timestamp":"2024-07-30T18:41:35.366Z"}
info: Server started at localhost:5432/api/v1/ {"timestamp":"2024-07-30T18:41:39.622Z"}
info: Server started at localhost:5432/api/v1/ {"timestamp":"2024-07-30T18:41:41.547Z"}
info: Server started at localhost:5432/api/v1/ {"timestamp":"2024-07-30T18:41:59.649Z"}
info: Server started at localhost:5432/api/v1/ {"timestamp":"2024-07-30T18:42:03.724Z"}
info: Server started at localhost:5432/api/v1/ {"timestamp":"2024-07-30T18:42:15.372Z"}
info: Server started at localhost:5432/api/v1/ {"timestamp":"2024-07-30T18:42:22.675Z"}
info: Server started at localhost:5432/api/v1/ {"timestamp":"2024-07-30T18:42:31.946Z"}
info: Server started at localhost:5432/api/v1/ {"timestamp":"2024-07-30T18:42:44.032Z"}
info: Server started at localhost:5432/api/v1/ {"timestamp":"2024-07-30T18:42:50.322Z"}
info: Server started at localhost:5432/api/v1/ {"timestamp":"2024-07-30T18:43:22.610Z"}
info: Server started at localhost:5432/api/v1/ {"timestamp":"2024-07-30T18:43:33.910Z"}
info: Server started at localhost:5432/api/v1/ {"timestamp":"2024-07-31T05:46:32.380Z"}
info: Server started at localhost:5432/api/v1/ {"timestamp":"2024-07-31T05:51:14.499Z"}
info: Server started at localhost:5432/api/v1/ {"timestamp":"2024-07-31T05:52:38.642Z"}
info: Server started at localhost:5432/api/v1/ {"timestamp":"2024-07-31T05:52:42.073Z"}
info: Server started at localhost:5432/api/v1/ {"timestamp":"2024-07-31T05:54:03.355Z"}
info: Server started at localhost:5432/api/v1/ {"timestamp":"2024-07-31T05:54:05.643Z"}
info: Server started at localhost:5432/api/v1/ {"timestamp":"2024-07-31T05:59:25.633Z"}
info: Server started at localhost:5432/api/v1/ {"timestamp":"2024-07-31T06:01:04.256Z"}
info: Server started at localhost:5432/api/v1/ {"timestamp":"2024-07-31T06:05:55.618Z"}
info: Server started at localhost:5432/api/v1/ {"timestamp":"2024-07-31T06:07:58.601Z"}
info: Server started at localhost:5432/api/v1/ {"timestamp":"2024-07-31T06:08:16.503Z"}
info: Server started at localhost:5432/api/v1/ {"timestamp":"2024-07-31T06:10:13.568Z"}
info: Server started at localhost:5432/api/v1/ {"timestamp":"2024-07-31T06:11:24.977Z"}
info: Server started at localhost:5432/api/v1/ {"timestamp":"2024-07-31T06:13:12.580Z"}
info: Server started at localhost:5432/api/v1/ {"timestamp":"2024-07-31T06:14:41.015Z"}
info: Server started at localhost:3000/api/v1/ {"timestamp":"2024-07-31T06:14:54.590Z"}
info: Server started at localhost:3000/api/v1/ {"timestamp":"2024-07-31T06:16:34.809Z"}
info: Server started at localhost:3000/api/v1/ {"timestamp":"2024-07-31T06:16:43.007Z"}
info: Server started at localhost:3000/api/v1/ {"timestamp":"2024-07-31T06:28:27.521Z"}
info: Server started at localhost:3000/api/v1/ {"timestamp":"2024-07-31T06:28:29.898Z"}
info: Server started at localhost:3000/api/v1/ {"timestamp":"2024-07-31T06:28:37.297Z"}
info: Server started at localhost:3000/api/v1/ {"timestamp":"2024-07-31T06:28:41.960Z"}
info: Server started at localhost:3000/api/v1/ {"timestamp":"2024-07-31T06:28:46.575Z"}
info: Server started at localhost:3000/api/v1/ {"timestamp":"2024-07-31T06:36:59.814Z"}
info: Server started at localhost:3000/api/v1/ {"timestamp":"2024-07-31T06:37:12.518Z"}
info: Server started at localhost:3000/api/v1/ {"timestamp":"2024-07-31T06:37:43.511Z"}
info: Server started at localhost:3000/api/v1/ {"timestamp":"2024-07-31T06:38:15.364Z"}
info: Server started at localhost:3000/api/v1/ {"timestamp":"2024-07-31T06:49:51.517Z"}
info: Server started at localhost:3000/api/v1/ {"timestamp":"2024-07-31T06:50:02.382Z"}
info: Server started at localhost:3000/api/v1/ {"timestamp":"2024-07-31T06:50:13.597Z"}
info: Server started at localhost:3000/api/v1/ {"timestamp":"2024-07-31T06:50:19.072Z"}
info: Server started at localhost:3000/api/v1/ {"timestamp":"2024-07-31T06:50:25.795Z"}
info: Server started at localhost:3000/api/v1/ {"timestamp":"2024-07-31T06:50:30.388Z"}
info: Server started at localhost:3000/api/v1/ {"timestamp":"2024-07-31T06:50:34.253Z"}
info: Server started at localhost:3000/api/v1/ {"timestamp":"2024-07-31T06:50:36.074Z"}
info: Server started at localhost:3000/api/v1/ {"timestamp":"2024-07-31T06:50:55.386Z"}
info: Server started at localhost:3000/api/v1/ {"timestamp":"2024-07-31T06:50:59.842Z"}
info: Server started at localhost:3000/api/v1/ {"timestamp":"2024-07-31T06:51:05.790Z"}
info: Server started at localhost:3000/api/v1/ {"timestamp":"2024-07-31T06:51:11.516Z"}
info: Server started at localhost:3000/api/v1/ {"timestamp":"2024-07-31T06:51:14.485Z"}
info: Server started at localhost:3000/api/v1/ {"timestamp":"2024-07-31T06:51:18.840Z"}
info: Server started at localhost:3000/api/v1/ {"timestamp":"2024-07-31T06:51:23.339Z"}
info: Server started at localhost:3000/api/v1/ {"timestamp":"2024-07-31T06:51:26.800Z"}
info: Server started at localhost:3000/api/v1/ {"timestamp":"2024-07-31T06:54:43.553Z"}
info: Server started at localhost:3000/api/v1/ {"timestamp":"2024-07-31T06:54:47.437Z"}
info: Server started at localhost:3000/api/v1/ {"timestamp":"2024-07-31T06:55:04.272Z"}
info: Server started at localhost:3000/api/v1/ {"timestamp":"2024-07-31T06:55:06.717Z"}
info: Server started at localhost:3000/api/v1/ {"timestamp":"2024-07-31T06:55:16.261Z"}
info: Server started at localhost:3000/api/v1/ {"timestamp":"2024-07-31T06:59:18.431Z"}
info: Server started at localhost:3000/api/v1/ {"timestamp":"2024-07-31T07:00:09.722Z"}
info: Server started at localhost:3000/api/v1/ {"timestamp":"2024-07-31T07:00:51.368Z"}
info: Server started at localhost:3000/api/v1/ {"timestamp":"2024-07-31T07:01:15.758Z"}
info: Server started at localhost:3000/api/v1/ {"timestamp":"2024-07-31T07:01:20.393Z"}
info: Server started at localhost:3000/api/v1/ {"timestamp":"2024-07-31T07:01:38.060Z"}
info: Server started at localhost:3000/api/v1/ {"timestamp":"2024-07-31T07:01:46.690Z"}
info: Server started at localhost:3000/api/v1/ {"timestamp":"2024-07-31T07:08:22.619Z"}
info: Server started at localhost:3000/api/v1/ {"timestamp":"2024-07-31T07:08:41.826Z"}
info: Server started at localhost:3000/api/v1/ {"timestamp":"2024-07-31T07:08:44.449Z"}
info: Server started at localhost:3000/api/v1/ {"timestamp":"2024-07-31T07:08:47.618Z"}
info: Server started at localhost:3000/api/v1/ {"timestamp":"2024-07-31T07:08:51.435Z"}
info: Server started at localhost:3000/api/v1/ {"timestamp":"2024-07-31T07:08:53.341Z"}
info: Server started at localhost:3000/api/v1/ {"timestamp":"2024-07-31T07:08:56.745Z"}
info: Server started at localhost:3000/api/v1/ {"timestamp":"2024-07-31T07:08:59.451Z"}
info: Server started at localhost:3000/api/v1/ {"timestamp":"2024-07-31T07:09:40.390Z"}
info: Server started at localhost:3000/api/v1/ {"timestamp":"2024-07-31T07:09:51.120Z"}
info: Server started at localhost:3000/api/v1/ {"timestamp":"2024-07-31T07:10:00.150Z"}
info: Server started at localhost:3000/api/v1/ {"timestamp":"2024-07-31T07:10:04.325Z"}
info: Server started at localhost:3000/api/v1/ {"timestamp":"2024-07-31T07:10:06.928Z"}
info: Server started at localhost:3000/api/v1/ {"timestamp":"2024-07-31T07:10:30.506Z"}
info: Server started at localhost:3000/api/v1/ {"timestamp":"2024-07-31T07:10:33.872Z"}
info: Server started at localhost:3000/api/v1/ {"timestamp":"2024-07-31T07:10:47.170Z"}
info: Server started at localhost:3000/api/v1/ {"timestamp":"2024-07-31T07:11:09.369Z"}
info: Server started at localhost:3000/api/v1/ {"timestamp":"2024-07-31T07:11:12.097Z"}
info: Server started at localhost:3000/api/v1/ {"timestamp":"2024-07-31T07:11:18.728Z"}
info: Server started at localhost:3000/api/v1/ {"timestamp":"2024-07-31T07:11:57.330Z"}
info: Server started at localhost:3000/api/v1/ {"timestamp":"2024-07-31T07:11:59.599Z"}
info: Server started at localhost:3000/api/v1/ {"timestamp":"2024-07-31T07:12:33.492Z"}
info: Server started at localhost:3000/api/v1/ {"timestamp":"2024-07-31T07:12:40.149Z"}
info: Server started at localhost:3000/api/v1/ {"timestamp":"2024-07-31T07:12:44.582Z"}
info: Server started at localhost:3000/api/v1/ {"timestamp":"2024-07-31T07:12:48.297Z"}
info: Server started at localhost:3000/api/v1/ {"timestamp":"2024-07-31T07:12:53.446Z"}
error: 
    status - 500 
    message - ValidationError: "email" is required 
    url - /api/v1/users/1 
    method - PUT 
    IP - ::1
   {"timestamp":"2024-07-31T07:13:02.728Z"}
info: Server started at localhost:3000/api/v1/ {"timestamp":"2024-07-31T07:13:15.417Z"}
error: 
    status - 500 
    message - ValidationError: "password" length must be at least 8 characters long 
    url - /api/v1/users/1 
    method - PUT 
    IP - ::1
   {"timestamp":"2024-07-31T07:13:15.596Z"}
info: Server started at localhost:3000/api/v1/ {"timestamp":"2024-07-31T07:58:54.643Z"}
info: Server started at localhost:3000/api/v1/ {"timestamp":"2024-07-31T07:58:58.507Z"}
info: Server started at localhost:3000/api/v1/ {"timestamp":"2024-07-31T07:59:01.902Z"}
info: Server started at localhost:3000/api/v1/ {"timestamp":"2024-07-31T07:59:04.635Z"}
info: Server started at localhost:3000/api/v1/ {"timestamp":"2024-07-31T07:59:08.037Z"}
info: Server started at localhost:3000/api/v1/ {"timestamp":"2024-07-31T07:59:22.732Z"}
info: Server started at localhost:3000/api/v1/ {"timestamp":"2024-07-31T07:59:24.539Z"}
info: Server started at localhost:3000/api/v1/ {"timestamp":"2024-07-31T08:01:30.641Z"}
error: 
    status - 500 
    message - ValidationError: "password" length must be at least 8 characters long 
    url - /api/v1/users/signup 
    method - POST 
    IP - ::1
   {"timestamp":"2024-07-31T08:04:09.915Z"}
error: 
    status - 500 
    message - ValidationError: "password" must only contain alpha-numeric characters 
    url - /api/v1/users/1 
    method - PUT 
    IP - ::1
   {"timestamp":"2024-07-31T08:05:16.950Z"}
info: Server started at localhost:3000/api/v1/ {"timestamp":"2024-07-31T08:11:16.570Z"}
error: 
    status - 500 
    message - Error: 
    at Query.run (C:\Users\Sakhare Sohan\Desktop\FundooNotes_Project\fundooNotes\node_modules\sequelize\src\dialects\postgres\query.js:76:25)
    at C:\Users\Sakhare Sohan\Desktop\FundooNotes_Project\fundooNotes\node_modules\sequelize\src\sequelize.js:650:28
    at processTicksAndRejections (node:internal/process/task_queues:96:5)
    at PostgresQueryInterface.insert (C:\Users\Sakhare Sohan\Desktop\FundooNotes_Project\fundooNotes\node_modules\sequelize\src\dialects\abstract\query-interface.js:795:21)
    at User.save (C:\Users\Sakhare Sohan\Desktop\FundooNotes_Project\fundooNotes\node_modules\sequelize\src\model.js:4154:35)
    at Function.create (C:\Users\Sakhare Sohan\Desktop\FundooNotes_Project\fundooNotes\node_modules\sequelize\src\model.js:2305:12) 
    url - /api/v1/users/signup 
    method - POST 
    IP - ::1
   {"timestamp":"2024-07-31T08:11:51.430Z"}
error: 
    status - 500 
    message - Error: 
    at Query.run (C:\Users\Sakhare Sohan\Desktop\FundooNotes_Project\fundooNotes\node_modules\sequelize\src\dialects\postgres\query.js:76:25)
    at C:\Users\Sakhare Sohan\Desktop\FundooNotes_Project\fundooNotes\node_modules\sequelize\src\sequelize.js:650:28
    at processTicksAndRejections (node:internal/process/task_queues:96:5)
    at PostgresQueryInterface.insert (C:\Users\Sakhare Sohan\Desktop\FundooNotes_Project\fundooNotes\node_modules\sequelize\src\dialects\abstract\query-interface.js:795:21)
    at User.save (C:\Users\Sakhare Sohan\Desktop\FundooNotes_Project\fundooNotes\node_modules\sequelize\src\model.js:4154:35)
    at Function.create (C:\Users\Sakhare Sohan\Desktop\FundooNotes_Project\fundooNotes\node_modules\sequelize\src\model.js:2305:12) 
    url - /api/v1/users/signup 
    method - POST 
    IP - ::1
   {"timestamp":"2024-07-31T08:12:02.369Z"}
error: 
    status - 500 
    message - Error: 
    at Query.run (C:\Users\Sakhare Sohan\Desktop\FundooNotes_Project\fundooNotes\node_modules\sequelize\src\dialects\postgres\query.js:76:25)
    at C:\Users\Sakhare Sohan\Desktop\FundooNotes_Project\fundooNotes\node_modules\sequelize\src\sequelize.js:650:28
    at processTicksAndRejections (node:internal/process/task_queues:96:5)
    at PostgresQueryInterface.insert (C:\Users\Sakhare Sohan\Desktop\FundooNotes_Project\fundooNotes\node_modules\sequelize\src\dialects\abstract\query-interface.js:795:21)
    at User.save (C:\Users\Sakhare Sohan\Desktop\FundooNotes_Project\fundooNotes\node_modules\sequelize\src\model.js:4154:35)
    at Function.create (C:\Users\Sakhare Sohan\Desktop\FundooNotes_Project\fundooNotes\node_modules\sequelize\src\model.js:2305:12) 
    url - /api/v1/users/signup 
    method - POST 
    IP - ::1
   {"timestamp":"2024-07-31T08:20:49.814Z"}
error: 
    status - 500 
    message - ValidationError: "password" must only contain alpha-numeric characters 
    url - /api/v1/users/signup 
    method - POST 
    IP - ::1
   {"timestamp":"2024-07-31T08:21:01.146Z"}
error: 
    status - 500 
    message - Error: 
    at Query.run (C:\Users\Sakhare Sohan\Desktop\FundooNotes_Project\fundooNotes\node_modules\sequelize\src\dialects\postgres\query.js:76:25)
    at C:\Users\Sakhare Sohan\Desktop\FundooNotes_Project\fundooNotes\node_modules\sequelize\src\sequelize.js:650:28
    at processTicksAndRejections (node:internal/process/task_queues:96:5)
    at PostgresQueryInterface.insert (C:\Users\Sakhare Sohan\Desktop\FundooNotes_Project\fundooNotes\node_modules\sequelize\src\dialects\abstract\query-interface.js:795:21)
    at User.save (C:\Users\Sakhare Sohan\Desktop\FundooNotes_Project\fundooNotes\node_modules\sequelize\src\model.js:4154:35)
    at Function.create (C:\Users\Sakhare Sohan\Desktop\FundooNotes_Project\fundooNotes\node_modules\sequelize\src\model.js:2305:12) 
    url - /api/v1/users/signup 
    method - POST 
    IP - ::1
   {"timestamp":"2024-07-31T08:21:08.424Z"}
info: Server started at localhost:3000/api/v1/ {"timestamp":"2024-07-31T08:21:44.792Z"}
info: Server started at localhost:3000/api/v1/ {"timestamp":"2024-07-31T08:21:51.584Z"}
info: Server started at localhost:3000/api/v1/ {"timestamp":"2024-07-31T08:21:53.356Z"}
info: Server started at localhost:3000/api/v1/ {"timestamp":"2024-07-31T08:27:09.277Z"}
error: 
    status - 500 
    message - TokenExpiredError: jwt expired
    at C:\Users\Sakhare Sohan\Desktop\FundooNotes_Project\fundooNotes\node_modules\jsonwebtoken\verify.js:152:21
    at getSecret (C:\Users\Sakhare Sohan\Desktop\FundooNotes_Project\fundooNotes\node_modules\jsonwebtoken\verify.js:90:14)
    at Object.module.exports [as verify] (C:\Users\Sakhare Sohan\Desktop\FundooNotes_Project\fundooNotes\node_modules\jsonwebtoken\verify.js:94:10)
    at C:\Users\Sakhare Sohan\Desktop\FundooNotes_Project\fundooNotes\src\middlewares\auth.middleware.ts:33:42
    at Generator.next (<anonymous>)
    at C:\Users\Sakhare Sohan\Desktop\FundooNotes_Project\fundooNotes\src\middlewares\auth.middleware.ts:8:71
    at new Promise (<anonymous>)
    at __awaiter (C:\Users\Sakhare Sohan\Desktop\FundooNotes_Project\fundooNotes\src\middlewares\auth.middleware.ts:4:12)
    at userAuth (C:\Users\Sakhare Sohan\Desktop\FundooNotes_Project\fundooNotes\src\middlewares\auth.middleware.ts:22:20)
    at Layer.handle [as handle_request] (C:\Users\Sakhare Sohan\Desktop\FundooNotes_Project\fundooNotes\node_modules\express\lib\router\layer.js:95:5) 
    url - /api/v1/notes/create 
    method - POST 
    IP - ::1
   {"timestamp":"2024-07-31T08:30:28.760Z"}
info: Server started at localhost:3000/api/v1/ {"timestamp":"2024-07-31T08:35:09.635Z"}
info: Server started at localhost:3000/api/v1/ {"timestamp":"2024-07-31T08:35:15.192Z"}
info: Server started at localhost:3000/api/v1/ {"timestamp":"2024-07-31T08:36:00.577Z"}
error: 
    status - 500 
    message - Error: Error updating note with ID NaN: invalid input syntax for type integer: "NaN"
    at NotesServices.<anonymous> (C:\Users\Sakhare Sohan\Desktop\FundooNotes_Project\fundooNotes\src\services\notes.service.ts:50:13)
    at Generator.throw (<anonymous>)
    at rejected (C:\Users\Sakhare Sohan\Desktop\FundooNotes_Project\fundooNotes\src\services\notes.service.ts:29:65)
    at processTicksAndRejections (node:internal/process/task_queues:96:5) 
    url - /api/v1/notes/update 
    method - POST 
    IP - ::1
   {"timestamp":"2024-07-31T08:36:04.604Z"}
info: Server started at localhost:3000/api/v1/ {"timestamp":"2024-07-31T08:36:59.251Z"}
info: Server started at localhost:3000/api/v1/ {"timestamp":"2024-07-31T08:37:04.766Z"}
info: Server started at localhost:3000/api/v1/ {"timestamp":"2024-07-31T08:37:07.074Z"}
info: Server started at localhost:3000/api/v1/ {"timestamp":"2024-07-31T08:37:08.892Z"}
error: 
    status - 500 
    message - Error: Error updating note with ID 1: No note found with ID 1 to update
    at NotesServices.<anonymous> (C:\Users\Sakhare Sohan\Desktop\FundooNotes_Project\fundooNotes\src\services\notes.service.ts:50:13)
    at Generator.next (<anonymous>)
    at fulfilled (C:\Users\Sakhare Sohan\Desktop\FundooNotes_Project\fundooNotes\src\services\notes.service.ts:28:58)
    at processTicksAndRejections (node:internal/process/task_queues:96:5) 
    url - /api/v1/notes/update 
    method - POST 
    IP - ::1
   {"timestamp":"2024-07-31T08:37:11.789Z"}
error: 
    status - 500 
    message - Error: Error updating note with ID 1: No note found with ID 1 to update
    at NotesServices.<anonymous> (C:\Users\Sakhare Sohan\Desktop\FundooNotes_Project\fundooNotes\src\services\notes.service.ts:50:13)
    at Generator.next (<anonymous>)
    at fulfilled (C:\Users\Sakhare Sohan\Desktop\FundooNotes_Project\fundooNotes\src\services\notes.service.ts:28:58)
    at processTicksAndRejections (node:internal/process/task_queues:96:5) 
    url - /api/v1/notes/update 
    method - POST 
    IP - ::1
   {"timestamp":"2024-07-31T08:37:18.449Z"}
info: Server started at localhost:3000/api/v1/ {"timestamp":"2024-07-31T08:37:49.870Z"}
info: Server started at localhost:3000/api/v1/ {"timestamp":"2024-07-31T10:24:16.313Z"}
info: Server started at localhost:3000/api/v1/ {"timestamp":"2024-07-31T10:24:18.467Z"}
info: Server started at localhost:3000/api/v1/ {"timestamp":"2024-07-31T10:24:23.992Z"}
info: Server started at localhost:3000/api/v1/ {"timestamp":"2024-07-31T10:24:25.072Z"}
info: Server started at localhost:3000/api/v1/ {"timestamp":"2024-07-31T10:24:28.840Z"}
info: Server started at localhost:3000/api/v1/ {"timestamp":"2024-07-31T10:24:29.864Z"}
info: Server started at localhost:3000/api/v1/ {"timestamp":"2024-07-31T10:24:32.691Z"}
info: Server started at localhost:3000/api/v1/ {"timestamp":"2024-07-31T10:24:36.449Z"}
info: Server started at localhost:3000/api/v1/ {"timestamp":"2024-07-31T10:25:38.443Z"}
info: Server started at localhost:3000/api/v1/ {"timestamp":"2024-07-31T10:25:41.670Z"}
info: Server started at localhost:3000/api/v1/ {"timestamp":"2024-07-31T10:25:51.372Z"}
error: 
    status - 500 
    message - TokenExpiredError: jwt expired
    at C:\Users\Sakhare Sohan\Desktop\FundooNotes_Project\fundooNotes\node_modules\jsonwebtoken\verify.js:152:21
    at getSecret (C:\Users\Sakhare Sohan\Desktop\FundooNotes_Project\fundooNotes\node_modules\jsonwebtoken\verify.js:90:14)
    at Object.module.exports [as verify] (C:\Users\Sakhare Sohan\Desktop\FundooNotes_Project\fundooNotes\node_modules\jsonwebtoken\verify.js:94:10)
    at C:\Users\Sakhare Sohan\Desktop\FundooNotes_Project\fundooNotes\src\middlewares\auth.middleware.ts:33:42
    at Generator.next (<anonymous>)
    at C:\Users\Sakhare Sohan\Desktop\FundooNotes_Project\fundooNotes\src\middlewares\auth.middleware.ts:8:71
    at new Promise (<anonymous>)
    at __awaiter (C:\Users\Sakhare Sohan\Desktop\FundooNotes_Project\fundooNotes\src\middlewares\auth.middleware.ts:4:12)
    at userAuth (C:\Users\Sakhare Sohan\Desktop\FundooNotes_Project\fundooNotes\src\middlewares\auth.middleware.ts:22:20)
    at Layer.handle [as handle_request] (C:\Users\Sakhare Sohan\Desktop\FundooNotes_Project\fundooNotes\node_modules\express\lib\router\layer.js:95:5) 
    url - /api/v1/notes/update 
    method - POST 
    IP - ::1
   {"timestamp":"2024-07-31T10:26:10.954Z"}
info: Server started at localhost:3000/api/v1/ {"timestamp":"2024-07-31T10:28:17.273Z"}
info: Server started at localhost:3000/api/v1/ {"timestamp":"2024-07-31T12:02:14.277Z"}
info: Server started at localhost:3000/api/v1/ {"timestamp":"2024-07-31T12:02:21.727Z"}
info: Server started at localhost:3000/api/v1/ {"timestamp":"2024-07-31T12:02:24.690Z"}
info: Server started at localhost:3000/api/v1/ {"timestamp":"2024-07-31T12:02:29.859Z"}
