info: Server started at http://localhost:3000/api/v1/ {"timestamp":"2024-07-26T06:00:49.732Z"}
info: Server started at http://localhost:3000/api/v1/ {"timestamp":"2024-07-26T06:05:52.072Z"}
info: Server started at http://localhost:3000/api/v1/ {"timestamp":"2024-07-26T06:44:15.624Z"}
info: Server started at http://localhost:3000/api/v1/ {"timestamp":"2024-07-26T06:45:49.063Z"}
info: Server started at http://localhost:3000/api/v1/ {"timestamp":"2024-07-26T06:45:56.254Z"}
info: Server started at http://localhost:3000/api/v1/ {"timestamp":"2024-07-26T06:46:23.021Z"}
info: Server started at http://localhost:3000/api/v1/ {"timestamp":"2024-07-26T06:52:26.699Z"}
info: Server started at http://localhost:3000/api/v1/ {"timestamp":"2024-07-26T06:53:33.686Z"}
info: Server started at http://localhost:3000/api/v1/ {"timestamp":"2024-07-26T06:57:22.665Z"}
info: Server started at http://localhost:3000/api/v1/ {"timestamp":"2024-07-26T06:57:44.821Z"}
info: Server started at http://localhost:3000/api/v1/ {"timestamp":"2024-07-26T06:57:46.038Z"}
info: Server started at http://localhost:3000/api/v1/ {"timestamp":"2024-07-26T10:30:22.182Z"}
error: 
    status - 500 
    message - Error: secretOrPrivateKey must have a value
    at Object.module.exports [as sign] (C:\Users\Sakhare Sohan\Desktop\FundooNotes_Project\fundooNotes\node_modules\jsonwebtoken\sign.js:107:20)
    at UserService.<anonymous> (C:\Users\Sakhare Sohan\Desktop\FundooNotes_Project\fundooNotes\src\services\user.service.ts:16:30)
    at Generator.next (<anonymous>)
    at fulfilled (C:\Users\Sakhare Sohan\Desktop\FundooNotes_Project\fundooNotes\src\services\user.service.ts:28:58)
    at processTicksAndRejections (node:internal/process/task_queues:96:5) 
    url - /api/v1/users/signup 
    method - POST 
    IP - ::1
   {"timestamp":"2024-07-26T10:31:45.414Z"}
info: Server started at http://localhost:3000/api/v1/ {"timestamp":"2024-07-26T10:32:44.030Z"}
info: Server started at http://localhost:3000/api/v1/ {"timestamp":"2024-07-26T10:33:29.936Z"}
info: Server started at http://localhost:3000/api/v1/ {"timestamp":"2024-07-26T10:33:41.632Z"}
info: Server started at http://localhost:3000/api/v1/ {"timestamp":"2024-07-26T10:33:55.773Z"}
info: Server started at http://localhost:3000/api/v1/ {"timestamp":"2024-07-26T10:33:59.029Z"}
info: Server started at http://localhost:3000/api/v1/ {"timestamp":"2024-07-26T10:34:12.857Z"}
error: 
    status - 500 
    message - Error: 
    at Query.run (C:\Users\Sakhare Sohan\Desktop\FundooNotes_Project\fundooNotes\node_modules\sequelize\src\dialects\postgres\query.js:76:25)
    at C:\Users\Sakhare Sohan\Desktop\FundooNotes_Project\fundooNotes\node_modules\sequelize\src\sequelize.js:650:28
    at PostgresQueryInterface.insert (C:\Users\Sakhare Sohan\Desktop\FundooNotes_Project\fundooNotes\node_modules\sequelize\src\dialects\abstract\query-interface.js:795:21)
    at User.save (C:\Users\Sakhare Sohan\Desktop\FundooNotes_Project\fundooNotes\node_modules\sequelize\src\model.js:4154:35)
    at Function.create (C:\Users\Sakhare Sohan\Desktop\FundooNotes_Project\fundooNotes\node_modules\sequelize\src\model.js:2305:12) 
    url - /api/v1/users/signup 
    method - POST 
    IP - ::1
   {"timestamp":"2024-07-26T10:34:17.716Z"}
info: Server started at http://localhost:3000/api/v1/ {"timestamp":"2024-07-26T10:35:01.441Z"}
info: Server started at http://localhost:3000/api/v1/ {"timestamp":"2024-07-26T10:35:12.726Z"}
error: 
    status - 500 
    message - Error: 
    at Query.run (C:\Users\Sakhare Sohan\Desktop\FundooNotes_Project\fundooNotes\node_modules\sequelize\src\dialects\postgres\query.js:76:25)
    at C:\Users\Sakhare Sohan\Desktop\FundooNotes_Project\fundooNotes\node_modules\sequelize\src\sequelize.js:650:28
    at PostgresQueryInterface.insert (C:\Users\Sakhare Sohan\Desktop\FundooNotes_Project\fundooNotes\node_modules\sequelize\src\dialects\abstract\query-interface.js:795:21)
    at User.save (C:\Users\Sakhare Sohan\Desktop\FundooNotes_Project\fundooNotes\node_modules\sequelize\src\model.js:4154:35)
    at Function.create (C:\Users\Sakhare Sohan\Desktop\FundooNotes_Project\fundooNotes\node_modules\sequelize\src\model.js:2305:12) 
    url - /api/v1/users/signup 
    method - POST 
    IP - ::1
   {"timestamp":"2024-07-26T10:35:14.041Z"}
info: Server started at http://localhost:3000/api/v1/ {"timestamp":"2024-07-26T10:35:54.728Z"}
error: 
    status - 500 
    message - Error: 
    at Query.run (C:\Users\Sakhare Sohan\Desktop\FundooNotes_Project\fundooNotes\node_modules\sequelize\src\dialects\postgres\query.js:76:25)
    at C:\Users\Sakhare Sohan\Desktop\FundooNotes_Project\fundooNotes\node_modules\sequelize\src\sequelize.js:650:28
    at PostgresQueryInterface.insert (C:\Users\Sakhare Sohan\Desktop\FundooNotes_Project\fundooNotes\node_modules\sequelize\src\dialects\abstract\query-interface.js:795:21)
    at User.save (C:\Users\Sakhare Sohan\Desktop\FundooNotes_Project\fundooNotes\node_modules\sequelize\src\model.js:4154:35)
    at Function.create (C:\Users\Sakhare Sohan\Desktop\FundooNotes_Project\fundooNotes\node_modules\sequelize\src\model.js:2305:12) 
    url - /api/v1/users/signup 
    method - POST 
    IP - ::1
   {"timestamp":"2024-07-26T10:36:00.008Z"}
info: Server started at http://localhost:3000/api/v1/ {"timestamp":"2024-07-26T10:36:16.013Z"}
info: Server started at http://localhost:3000/api/v1/ {"timestamp":"2024-07-26T10:36:35.367Z"}
info: Server started at http://localhost:3000/api/v1/ {"timestamp":"2024-07-26T10:36:40.674Z"}
info: Server started at http://localhost:3000/api/v1/ {"timestamp":"2024-07-26T10:36:46.070Z"}
error: 
    status - 500 
    message - Error: 
    at Query.run (C:\Users\Sakhare Sohan\Desktop\FundooNotes_Project\fundooNotes\node_modules\sequelize\src\dialects\postgres\query.js:76:25)
    at C:\Users\Sakhare Sohan\Desktop\FundooNotes_Project\fundooNotes\node_modules\sequelize\src\sequelize.js:650:28
    at PostgresQueryInterface.insert (C:\Users\Sakhare Sohan\Desktop\FundooNotes_Project\fundooNotes\node_modules\sequelize\src\dialects\abstract\query-interface.js:795:21)
    at User.save (C:\Users\Sakhare Sohan\Desktop\FundooNotes_Project\fundooNotes\node_modules\sequelize\src\model.js:4154:35)
    at Function.create (C:\Users\Sakhare Sohan\Desktop\FundooNotes_Project\fundooNotes\node_modules\sequelize\src\model.js:2305:12) 
    url - /api/v1/users/signup 
    method - POST 
    IP - ::1
   {"timestamp":"2024-07-26T10:36:50.167Z"}
info: Server started at http://localhost:3000/api/v1/ {"timestamp":"2024-07-26T10:39:03.780Z"}
info: Server started at http://localhost:3000/api/v1/ {"timestamp":"2024-07-26T10:39:06.510Z"}
info: Server started at http://localhost:3000/api/v1/ {"timestamp":"2024-07-26T10:39:17.904Z"}
info: Server started at http://localhost:3000/api/v1/ {"timestamp":"2024-07-26T10:39:51.992Z"}
info: Server started at http://localhost:3000/api/v1/ {"timestamp":"2024-07-26T10:40:00.352Z"}
info: Server started at http://localhost:3000/api/v1/ {"timestamp":"2024-07-26T10:40:12.589Z"}
error: 
    status - 500 
    message - Error: Expected "payload" to be a plain object.
    at validate (C:\Users\Sakhare Sohan\Desktop\FundooNotes_Project\fundooNotes\node_modules\jsonwebtoken\sign.js:40:11)
    at validatePayload (C:\Users\Sakhare Sohan\Desktop\FundooNotes_Project\fundooNotes\node_modules\jsonwebtoken\sign.js:62:10)
    at Object.module.exports [as sign] (C:\Users\Sakhare Sohan\Desktop\FundooNotes_Project\fundooNotes\node_modules\jsonwebtoken\sign.js:114:7)
    at UserService.<anonymous> (C:\Users\Sakhare Sohan\Desktop\FundooNotes_Project\fundooNotes\src\services\user.service.ts:23:32)
    at Generator.next (<anonymous>)
    at fulfilled (C:\Users\Sakhare Sohan\Desktop\FundooNotes_Project\fundooNotes\src\services\user.service.ts:28:58) 
    url - /api/v1/users/login 
    method - POST 
    IP - ::1
   {"timestamp":"2024-07-26T10:41:39.287Z"}
info: Server started at http://localhost:3000/api/v1/ {"timestamp":"2024-07-26T10:45:56.306Z"}
info: Server started at http://localhost:3000/api/v1/ {"timestamp":"2024-07-26T10:46:15.268Z"}
info: Server started at http://localhost:3000/api/v1/ {"timestamp":"2024-07-26T10:46:17.868Z"}
info: Server started at http://localhost:3000/api/v1/ {"timestamp":"2024-07-26T10:46:20.019Z"}
info: Server started at http://localhost:3000/api/v1/ {"timestamp":"2024-07-26T10:46:28.420Z"}
info: Server started at http://localhost:3000/api/v1/ {"timestamp":"2024-07-26T10:46:31.911Z"}
info: Server started at http://localhost:3000/api/v1/ {"timestamp":"2024-07-26T10:47:28.924Z"}
info: Server started at http://localhost:3000/api/v1/ {"timestamp":"2024-07-26T10:47:37.604Z"}
info: Server started at http://localhost:3000/api/v1/ {"timestamp":"2024-07-26T10:47:50.809Z"}
info: Server started at http://localhost:3000/api/v1/ {"timestamp":"2024-07-26T10:47:53.441Z"}
info: Server started at http://localhost:3000/api/v1/ {"timestamp":"2024-07-26T10:48:04.306Z"}
info: Server started at http://localhost:3000/api/v1/ {"timestamp":"2024-07-26T10:48:10.778Z"}
error: 
    status - 500 
    message - Error: Expected "payload" to be a plain object.
    at validate (C:\Users\Sakhare Sohan\Desktop\FundooNotes_Project\fundooNotes\node_modules\jsonwebtoken\sign.js:40:11)
    at validatePayload (C:\Users\Sakhare Sohan\Desktop\FundooNotes_Project\fundooNotes\node_modules\jsonwebtoken\sign.js:62:10)
    at Object.module.exports [as sign] (C:\Users\Sakhare Sohan\Desktop\FundooNotes_Project\fundooNotes\node_modules\jsonwebtoken\sign.js:114:7)
    at UserService.<anonymous> (C:\Users\Sakhare Sohan\Desktop\FundooNotes_Project\fundooNotes\src\services\user.service.ts:23:32)
    at Generator.next (<anonymous>)
    at fulfilled (C:\Users\Sakhare Sohan\Desktop\FundooNotes_Project\fundooNotes\src\services\user.service.ts:28:58) 
    url - /api/v1/users/login 
    method - POST 
    IP - ::1
   {"timestamp":"2024-07-26T10:48:22.734Z"}
info: Server started at http://localhost:3000/api/v1/ {"timestamp":"2024-07-26T10:49:11.460Z"}
info: Server started at http://localhost:3000/api/v1/ {"timestamp":"2024-07-26T10:49:17.494Z"}
info: Server started at http://localhost:3000/api/v1/ {"timestamp":"2024-07-26T10:49:56.483Z"}
info: Server started at http://localhost:3000/api/v1/ {"timestamp":"2024-07-26T10:50:16.919Z"}
info: Server started at http://localhost:3000/api/v1/ {"timestamp":"2024-07-26T10:50:28.343Z"}
info: Server started at http://localhost:3000/api/v1/ {"timestamp":"2024-07-26T10:50:40.486Z"}
info: Server started at http://localhost:3000/api/v1/ {"timestamp":"2024-07-26T10:50:46.840Z"}
info: Server started at http://localhost:3000/api/v1/ {"timestamp":"2024-07-26T10:50:54.381Z"}
info: Server started at http://localhost:3000/api/v1/ {"timestamp":"2024-07-26T10:51:23.241Z"}
info: Server started at http://localhost:3000/api/v1/ {"timestamp":"2024-07-26T10:51:25.676Z"}
info: Server started at http://localhost:3000/api/v1/ {"timestamp":"2024-07-26T10:51:27.766Z"}
info: Server started at http://localhost:3000/api/v1/ {"timestamp":"2024-07-26T10:51:34.028Z"}
info: Server started at http://localhost:3000/api/v1/ {"timestamp":"2024-07-26T10:52:15.371Z"}
info: Server started at http://localhost:3000/api/v1/ {"timestamp":"2024-07-26T10:52:17.683Z"}
info: Server started at http://localhost:3000/api/v1/ {"timestamp":"2024-07-26T10:52:22.956Z"}
info: Server started at http://localhost:3000/api/v1/ {"timestamp":"2024-07-26T10:52:26.403Z"}
info: Server started at http://localhost:3000/api/v1/ {"timestamp":"2024-07-26T10:52:33.053Z"}
info: Server started at http://localhost:3000/api/v1/ {"timestamp":"2024-07-26T10:52:54.247Z"}
error: 
    status - 500 
    message - Error: invalid expiresIn option for number payload
    at Object.module.exports [as sign] (C:\Users\Sakhare Sohan\Desktop\FundooNotes_Project\fundooNotes\node_modules\jsonwebtoken\sign.js:128:22)
    at UserService.<anonymous> (C:\Users\Sakhare Sohan\Desktop\FundooNotes_Project\fundooNotes\src\services\user.service.ts:23:32)
    at Generator.next (<anonymous>)
    at fulfilled (C:\Users\Sakhare Sohan\Desktop\FundooNotes_Project\fundooNotes\src\services\user.service.ts:28:58) 
    url - /api/v1/users/login 
    method - POST 
    IP - ::1
   {"timestamp":"2024-07-26T10:52:54.725Z"}
info: Server started at http://localhost:3000/api/v1/ {"timestamp":"2024-07-26T10:53:15.477Z"}
error: 
    status - 500 
    message - Error: invalid expiresIn option for string payload
    at Object.module.exports [as sign] (C:\Users\Sakhare Sohan\Desktop\FundooNotes_Project\fundooNotes\node_modules\jsonwebtoken\sign.js:128:22)
    at UserService.<anonymous> (C:\Users\Sakhare Sohan\Desktop\FundooNotes_Project\fundooNotes\src\services\user.service.ts:23:32)
    at Generator.next (<anonymous>)
    at fulfilled (C:\Users\Sakhare Sohan\Desktop\FundooNotes_Project\fundooNotes\src\services\user.service.ts:28:58) 
    url - /api/v1/users/login 
    method - POST 
    IP - ::1
   {"timestamp":"2024-07-26T10:53:17.154Z"}
info: Server started at http://localhost:3000/api/v1/ {"timestamp":"2024-07-26T10:53:36.337Z"}
info: Server started at http://localhost:3000/api/v1/ {"timestamp":"2024-07-26T10:54:20.312Z"}
info: Server started at http://localhost:3000/api/v1/ {"timestamp":"2024-07-26T10:55:04.356Z"}
info: Server started at http://localhost:3000/api/v1/ {"timestamp":"2024-07-26T10:55:07.344Z"}
info: Server started at http://localhost:3000/api/v1/ {"timestamp":"2024-07-26T10:55:15.872Z"}
info: Server started at http://localhost:3000/api/v1/ {"timestamp":"2024-07-26T10:55:22.080Z"}
info: Server started at http://localhost:3000/api/v1/ {"timestamp":"2024-07-26T10:55:26.542Z"}
info: Server started at http://localhost:3000/api/v1/ {"timestamp":"2024-07-26T10:55:37.439Z"}
info: Server started at http://localhost:3000/api/v1/ {"timestamp":"2024-07-26T10:55:41.623Z"}
info: Server started at http://localhost:3000/api/v1/ {"timestamp":"2024-07-26T10:55:51.557Z"}
info: Server started at http://localhost:3000/api/v1/ {"timestamp":"2024-07-26T10:56:37.288Z"}
info: Server started at http://localhost:3000/api/v1/ {"timestamp":"2024-07-26T10:56:40.467Z"}
info: Server started at http://localhost:3000/api/v1/ {"timestamp":"2024-07-26T10:56:45.492Z"}
info: Server started at http://localhost:3000/api/v1/ {"timestamp":"2024-07-26T10:57:09.213Z"}
info: Server started at http://localhost:3000/api/v1/ {"timestamp":"2024-07-26T10:57:12.862Z"}
info: Server started at http://localhost:3000/api/v1/ {"timestamp":"2024-07-26T10:57:14.574Z"}
info: Server started at http://localhost:3000/api/v1/ {"timestamp":"2024-07-26T10:57:22.326Z"}
info: Server started at http://localhost:3000/api/v1/ {"timestamp":"2024-07-26T10:57:29.388Z"}
info: Server started at http://localhost:3000/api/v1/ {"timestamp":"2024-07-26T10:58:13.620Z"}
info: Server started at http://localhost:3000/api/v1/ {"timestamp":"2024-07-26T10:58:24.964Z"}
info: Server started at http://localhost:3000/api/v1/ {"timestamp":"2024-07-26T10:58:26.846Z"}
info: Server started at http://localhost:3000/api/v1/ {"timestamp":"2024-07-26T10:58:38.710Z"}
info: Server started at http://localhost:3000/api/v1/ {"timestamp":"2024-07-26T10:58:40.611Z"}
info: Server started at http://localhost:3000/api/v1/ {"timestamp":"2024-07-26T10:58:42.036Z"}
info: Server started at http://localhost:3000/api/v1/ {"timestamp":"2024-07-26T10:59:52.493Z"}
info: Server started at http://localhost:3000/api/v1/ {"timestamp":"2024-07-26T10:59:55.488Z"}
info: Server started at http://localhost:3000/api/v1/ {"timestamp":"2024-07-26T11:00:08.556Z"}
info: Server started at http://localhost:3000/api/v1/ {"timestamp":"2024-07-26T11:00:15.796Z"}
info: Server started at http://localhost:3000/api/v1/ {"timestamp":"2024-07-26T11:00:23.290Z"}
info: Server started at http://localhost:3000/api/v1/ {"timestamp":"2024-07-26T11:00:25.059Z"}
info: Server started at http://localhost:3000/api/v1/ {"timestamp":"2024-07-26T11:00:28.999Z"}
error: 
    status - 500 
    message - TypeError: Cannot read properties of undefined (reading 'jwt')
    at UserController.<anonymous> (C:\Users\Sakhare Sohan\Desktop\FundooNotes_Project\fundooNotes\src\controllers\user.controller.ts:71:39)
    at Generator.next (<anonymous>)
    at C:\Users\Sakhare Sohan\Desktop\FundooNotes_Project\fundooNotes\src\controllers\user.controller.ts:8:71
    at new Promise (<anonymous>)
    at __awaiter (C:\Users\Sakhare Sohan\Desktop\FundooNotes_Project\fundooNotes\src\controllers\user.controller.ts:4:12)
    at UserController.getUser (C:\Users\Sakhare Sohan\Desktop\FundooNotes_Project\fundooNotes\src\controllers\user.controller.ts:69:21)
    at Layer.handle [as handle_request] (C:\Users\Sakhare Sohan\Desktop\FundooNotes_Project\fundooNotes\node_modules\express\lib\router\layer.js:95:5)
    at next (C:\Users\Sakhare Sohan\Desktop\FundooNotes_Project\fundooNotes\node_modules\express\lib\router\route.js:149:13)
    at Route.dispatch (C:\Users\Sakhare Sohan\Desktop\FundooNotes_Project\fundooNotes\node_modules\express\lib\router\route.js:119:3)
    at Layer.handle [as handle_request] (C:\Users\Sakhare Sohan\Desktop\FundooNotes_Project\fundooNotes\node_modules\express\lib\router\layer.js:95:5) 
    url - /api/v1/users/3 
    method - GET 
    IP - ::1
   {"timestamp":"2024-07-26T11:09:39.937Z"}
error: 
    status - 500 
    message - TypeError: Cannot read properties of undefined (reading 'jwt')
    at UserController.<anonymous> (C:\Users\Sakhare Sohan\Desktop\FundooNotes_Project\fundooNotes\src\controllers\user.controller.ts:71:39)
    at Generator.next (<anonymous>)
    at C:\Users\Sakhare Sohan\Desktop\FundooNotes_Project\fundooNotes\src\controllers\user.controller.ts:8:71
    at new Promise (<anonymous>)
    at __awaiter (C:\Users\Sakhare Sohan\Desktop\FundooNotes_Project\fundooNotes\src\controllers\user.controller.ts:4:12)
    at UserController.getUser (C:\Users\Sakhare Sohan\Desktop\FundooNotes_Project\fundooNotes\src\controllers\user.controller.ts:69:21)
    at Layer.handle [as handle_request] (C:\Users\Sakhare Sohan\Desktop\FundooNotes_Project\fundooNotes\node_modules\express\lib\router\layer.js:95:5)
    at next (C:\Users\Sakhare Sohan\Desktop\FundooNotes_Project\fundooNotes\node_modules\express\lib\router\route.js:149:13)
    at Route.dispatch (C:\Users\Sakhare Sohan\Desktop\FundooNotes_Project\fundooNotes\node_modules\express\lib\router\route.js:119:3)
    at Layer.handle [as handle_request] (C:\Users\Sakhare Sohan\Desktop\FundooNotes_Project\fundooNotes\node_modules\express\lib\router\layer.js:95:5) 
    url - /api/v1/users/3 
    method - GET 
    IP - ::1
   {"timestamp":"2024-07-26T11:10:15.516Z"}
error: 
    status - 500 
    message - TypeError: Cannot read properties of undefined (reading 'jwt')
    at UserController.<anonymous> (C:\Users\Sakhare Sohan\Desktop\FundooNotes_Project\fundooNotes\src\controllers\user.controller.ts:71:39)
    at Generator.next (<anonymous>)
    at C:\Users\Sakhare Sohan\Desktop\FundooNotes_Project\fundooNotes\src\controllers\user.controller.ts:8:71
    at new Promise (<anonymous>)
    at __awaiter (C:\Users\Sakhare Sohan\Desktop\FundooNotes_Project\fundooNotes\src\controllers\user.controller.ts:4:12)
    at UserController.getUser (C:\Users\Sakhare Sohan\Desktop\FundooNotes_Project\fundooNotes\src\controllers\user.controller.ts:69:21)
    at Layer.handle [as handle_request] (C:\Users\Sakhare Sohan\Desktop\FundooNotes_Project\fundooNotes\node_modules\express\lib\router\layer.js:95:5)
    at next (C:\Users\Sakhare Sohan\Desktop\FundooNotes_Project\fundooNotes\node_modules\express\lib\router\route.js:149:13)
    at Route.dispatch (C:\Users\Sakhare Sohan\Desktop\FundooNotes_Project\fundooNotes\node_modules\express\lib\router\route.js:119:3)
    at Layer.handle [as handle_request] (C:\Users\Sakhare Sohan\Desktop\FundooNotes_Project\fundooNotes\node_modules\express\lib\router\layer.js:95:5) 
    url - /api/v1/users/3 
    method - GET 
    IP - ::1
   {"timestamp":"2024-07-26T11:11:08.141Z"}
info: Server started at http://localhost:3000/api/v1/ {"timestamp":"2024-07-26T11:19:02.995Z"}
info: Server started at http://localhost:3000/api/v1/ {"timestamp":"2024-07-26T11:19:12.010Z"}
info: Server started at http://localhost:3000/api/v1/ {"timestamp":"2024-07-26T11:19:15.916Z"}
info: Server started at http://localhost:3000/api/v1/ {"timestamp":"2024-07-26T11:19:19.619Z"}
info: Server started at http://localhost:3000/api/v1/ {"timestamp":"2024-07-26T11:20:33.129Z"}
info: Server started at http://localhost:3000/api/v1/ {"timestamp":"2024-07-26T11:20:36.890Z"}
info: Server started at http://localhost:3000/api/v1/ {"timestamp":"2024-07-26T11:20:40.223Z"}
info: Server started at http://localhost:3000/api/v1/ {"timestamp":"2024-07-26T11:20:48.300Z"}
info: Server started at http://localhost:3000/api/v1/ {"timestamp":"2024-07-26T11:20:52.878Z"}
info: Server started at http://localhost:3000/api/v1/ {"timestamp":"2024-07-26T11:21:14.519Z"}
info: Server started at http://localhost:3000/api/v1/ {"timestamp":"2024-07-26T11:22:05.323Z"}
info: Server started at http://localhost:3000/api/v1/ {"timestamp":"2024-07-26T11:22:13.101Z"}
info: Server started at http://localhost:3000/api/v1/ {"timestamp":"2024-07-26T11:22:18.046Z"}
error: 
    status - 500 
    message - TypeError: Cannot read properties of undefined (reading 'jwt')
    at UserController.<anonymous> (C:\Users\Sakhare Sohan\Desktop\FundooNotes_Project\fundooNotes\src\controllers\user.controller.ts:71:39)
    at Generator.next (<anonymous>)
    at C:\Users\Sakhare Sohan\Desktop\FundooNotes_Project\fundooNotes\src\controllers\user.controller.ts:8:71
    at new Promise (<anonymous>)
    at __awaiter (C:\Users\Sakhare Sohan\Desktop\FundooNotes_Project\fundooNotes\src\controllers\user.controller.ts:4:12)
    at UserController.getUser (C:\Users\Sakhare Sohan\Desktop\FundooNotes_Project\fundooNotes\src\controllers\user.controller.ts:69:21)
    at Layer.handle [as handle_request] (C:\Users\Sakhare Sohan\Desktop\FundooNotes_Project\fundooNotes\node_modules\express\lib\router\layer.js:95:5)
    at next (C:\Users\Sakhare Sohan\Desktop\FundooNotes_Project\fundooNotes\node_modules\express\lib\router\route.js:149:13)
    at Route.dispatch (C:\Users\Sakhare Sohan\Desktop\FundooNotes_Project\fundooNotes\node_modules\express\lib\router\route.js:119:3)
    at Layer.handle [as handle_request] (C:\Users\Sakhare Sohan\Desktop\FundooNotes_Project\fundooNotes\node_modules\express\lib\router\layer.js:95:5) 
    url - /api/v1/users/3 
    method - GET 
    IP - ::1
   {"timestamp":"2024-07-26T11:22:23.513Z"}
info: Server started at http://localhost:3000/api/v1/ {"timestamp":"2024-07-26T11:25:53.277Z"}
info: Server started at http://localhost:3000/api/v1/ {"timestamp":"2024-07-26T11:39:09.726Z"}
info: Server started at http://localhost:3000/api/v1/ {"timestamp":"2024-07-26T11:39:12.268Z"}
info: Server started at http://localhost:3000/api/v1/ {"timestamp":"2024-07-26T11:39:13.693Z"}
info: Server started at http://localhost:3000/api/v1/ {"timestamp":"2024-07-26T11:39:15.185Z"}
info: Server started at http://localhost:3000/api/v1/ {"timestamp":"2024-07-26T11:39:16.747Z"}
info: Server started at http://localhost:3000/api/v1/ {"timestamp":"2024-07-26T11:39:18.933Z"}
info: Server started at http://localhost:3000/api/v1/ {"timestamp":"2024-07-26T11:39:21.466Z"}
info: Server started at http://localhost:3000/api/v1/ {"timestamp":"2024-07-26T11:39:34.655Z"}
info: Server started at http://localhost:3000/api/v1/ {"timestamp":"2024-07-26T11:40:12.304Z"}
info: Server started at http://localhost:3000/api/v1/ {"timestamp":"2024-07-26T11:40:16.156Z"}
info: Server started at http://localhost:3000/api/v1/ {"timestamp":"2024-07-26T11:40:23.732Z"}
info: Server started at http://localhost:3000/api/v1/ {"timestamp":"2024-07-26T11:40:25.225Z"}
info: Server started at http://localhost:3000/api/v1/ {"timestamp":"2024-07-26T11:40:30.677Z"}
info: Server started at http://localhost:3000/api/v1/ {"timestamp":"2024-07-26T11:40:34.368Z"}
info: Server started at http://localhost:3000/api/v1/ {"timestamp":"2024-07-26T11:40:37.693Z"}
info: Server started at http://localhost:3000/api/v1/ {"timestamp":"2024-07-26T11:40:42.144Z"}
info: Server started at http://localhost:3000/api/v1/ {"timestamp":"2024-07-26T11:40:49.868Z"}
info: Server started at http://localhost:3000/api/v1/ {"timestamp":"2024-07-26T11:40:51.995Z"}
info: Server started at http://localhost:3000/api/v1/ {"timestamp":"2024-07-26T11:40:58.578Z"}
info: Server started at http://localhost:3000/api/v1/ {"timestamp":"2024-07-26T11:41:00.613Z"}
info: Server started at http://localhost:3000/api/v1/ {"timestamp":"2024-07-26T11:41:04.570Z"}
error: 
    status - 500 
    message - Error: Token verification failed
    at UserService.<anonymous> (C:\Users\Sakhare Sohan\Desktop\FundooNotes_Project\fundooNotes\src\services\user.service.ts:47:13)
    at Generator.next (<anonymous>)
    at fulfilled (C:\Users\Sakhare Sohan\Desktop\FundooNotes_Project\fundooNotes\src\services\user.service.ts:28:58)
    at processTicksAndRejections (node:internal/process/task_queues:96:5) 
    url - /api/v1/users/1 
    method - GET 
    IP - ::1
   {"timestamp":"2024-07-26T11:41:13.544Z"}
info: Server started at http://localhost:3000/api/v1/ {"timestamp":"2024-07-26T11:43:09.917Z"}
info: Server started at http://localhost:3000/api/v1/ {"timestamp":"2024-07-26T11:43:14.227Z"}
info: Server started at http://localhost:3000/api/v1/ {"timestamp":"2024-07-26T11:43:17.407Z"}
info: Server started at http://localhost:3000/api/v1/ {"timestamp":"2024-07-26T11:43:19.894Z"}
error: 
    status - 500 
    message - Error: Token verification failed
    at UserService.<anonymous> (C:\Users\Sakhare Sohan\Desktop\FundooNotes_Project\fundooNotes\src\services\user.service.ts:46:13)
    at Generator.next (<anonymous>)
    at fulfilled (C:\Users\Sakhare Sohan\Desktop\FundooNotes_Project\fundooNotes\src\services\user.service.ts:28:58)
    at processTicksAndRejections (node:internal/process/task_queues:96:5) 
    url - /api/v1/users/1 
    method - GET 
    IP - ::1
   {"timestamp":"2024-07-26T11:43:26.672Z"}
