info: Server started at http://localhost:3000/api/v1/ {"timestamp":"2024-07-25T07:42:30.316Z"}
info: Server started at http://localhost:3000/api/v1/ {"timestamp":"2024-07-25T07:45:23.215Z"}
info: Server started at http://localhost:3000/api/v1/ {"timestamp":"2024-07-25T07:45:30.088Z"}
info: Server started at http://localhost:3000/api/v1/ {"timestamp":"2024-07-25T07:45:51.124Z"}
info: Server started at http://localhost:3000/api/v1/ {"timestamp":"2024-07-25T10:00:08.195Z"}
info: Server started at http://localhost:3000/api/v1/ {"timestamp":"2024-07-25T15:46:26.580Z"}
error: 
    status - 500 
    message - Error: 
    at Query.run (C:\Users\Sakhare Sohan\Desktop\FundooNotes_Project\fundooNotes\node_modules\sequelize\src\dialects\postgres\query.js:76:25)
    at C:\Users\Sakhare Sohan\Desktop\FundooNotes_Project\fundooNotes\node_modules\sequelize\src\sequelize.js:650:28
    at processTicksAndRejections (node:internal/process/task_queues:96:5)
    at PostgresQueryInterface.insert (C:\Users\Sakhare Sohan\Desktop\FundooNotes_Project\fundooNotes\node_modules\sequelize\src\dialects\abstract\query-interface.js:795:21)
    at User.save (C:\Users\Sakhare Sohan\Desktop\FundooNotes_Project\fundooNotes\node_modules\sequelize\src\model.js:4154:35)
    at Function.create (C:\Users\Sakhare Sohan\Desktop\FundooNotes_Project\fundooNotes\node_modules\sequelize\src\model.js:2305:12) 
    url - /api/v1/users 
    method - POST 
    IP - ::1
   {"timestamp":"2024-07-25T15:54:22.214Z"}
info: Server started at http://localhost:3000/api/v1/ {"timestamp":"2024-07-26T06:00:49.732Z"}
info: Server started at http://localhost:3000/api/v1/ {"timestamp":"2024-07-26T06:05:52.072Z"}
