info: ::1 - - [25/Jul/2024:15:46:50 +0000] "GET /api/v1/ HTTP/1.1" 200 9 "-" "PostmanRuntime/7.40.0"

info: ::1 - - [25/Jul/2024:15:47:49 +0000] "GET /api/v1/users HTTP/1.1" 200 65 "-" "PostmanRuntime/7.40.0"

info: ::1 - - [25/Jul/2024:15:51:36 +0000] "POST /api/v1/users HTTP/1.1" 201 289 "-" "PostmanRuntime/7.40.0"

info: ::1 - - [25/Jul/2024:15:53:54 +0000] "GET /api/v1/users/1 HTTP/1.1" 200 289 "-" "PostmanRuntime/7.40.0"

info: ::1 - - [25/Jul/2024:15:54:22 +0000] "POST /api/v1/users HTTP/1.1" 500 51 "-" "PostmanRuntime/7.40.0"

info: ::1 - - [25/Jul/2024:15:54:49 +0000] "POST /api/v1/users/1 HTTP/1.1" 404 47 "-" "PostmanRuntime/7.40.0"

info: ::1 - - [25/Jul/2024:15:54:57 +0000] "GET /api/v1/users/1 HTTP/1.1" 200 289 "-" "PostmanRuntime/7.40.0"

info: ::1 - - [26/Jul/2024:06:01:36 +0000] "POST /api/v1/users HTTP/1.1" 201 343 "-" "PostmanRuntime/7.40.0"

info: ::1 - - [26/Jul/2024:06:47:26 +0000] "GET /api/v1/users HTTP/1.1" 200 79 "-" "PostmanRuntime/7.40.0"

error: uncaughtException: data and hash arguments required
Error: data and hash arguments required
    at Object.compare (C:\Users\Sakhare Sohan\Desktop\FundooNotes_Project\fundooNotes\node_modules\bcrypt\bcrypt.js:208:17)
    at C:\Users\Sakhare Sohan\Desktop\FundooNotes_Project\fundooNotes\node_modules\bcrypt\promises.js:29:12
    at new Promise (<anonymous>)
    at Object.module.exports.promise (C:\Users\Sakhare Sohan\Desktop\FundooNotes_Project\fundooNotes\node_modules\bcrypt\promises.js:20:12)
    at Object.compare (C:\Users\Sakhare Sohan\Desktop\FundooNotes_Project\fundooNotes\node_modules\bcrypt\bcrypt.js:204:25)
    at UserService.<anonymous> (C:\Users\Sakhare Sohan\Desktop\FundooNotes_Project\fundooNotes\src\services\user.service.ts:44:34)
    at Generator.next (<anonymous>)
    at fulfilled (C:\Users\Sakhare Sohan\Desktop\FundooNotes_Project\fundooNotes\src\services\user.service.ts:28:58)
    at processTicksAndRejections (node:internal/process/task_queues:96:5) {"date":"Fri Jul 26 2024 12:17:26 GMT+0530 (India Standard Time)","error":{},"exception":true,"os":{"loadavg":[0,0,0],"uptime":6124},"process":{"argv":["C:\\Program Files\\nodejs\\node.exe","./src/index.ts"],"cwd":"C:\\Users\\Sakhare Sohan\\Desktop\\FundooNotes_Project\\fundooNotes","execPath":"C:\\Program Files\\nodejs\\node.exe","gid":null,"memoryUsage":{"arrayBuffers":59514,"external":1035547,"heapTotal":24023040,"heapUsed":21884744,"rss":53325824},"pid":6648,"uid":null,"version":"v16.15.1"},"stack":"Error: data and hash arguments required\n    at Object.compare (C:\\Users\\Sakhare Sohan\\Desktop\\FundooNotes_Project\\fundooNotes\\node_modules\\bcrypt\\bcrypt.js:208:17)\n    at C:\\Users\\Sakhare Sohan\\Desktop\\FundooNotes_Project\\fundooNotes\\node_modules\\bcrypt\\promises.js:29:12\n    at new Promise (<anonymous>)\n    at Object.module.exports.promise (C:\\Users\\Sakhare Sohan\\Desktop\\FundooNotes_Project\\fundooNotes\\node_modules\\bcrypt\\promises.js:20:12)\n    at Object.compare (C:\\Users\\Sakhare Sohan\\Desktop\\FundooNotes_Project\\fundooNotes\\node_modules\\bcrypt\\bcrypt.js:204:25)\n    at UserService.<anonymous> (C:\\Users\\Sakhare Sohan\\Desktop\\FundooNotes_Project\\fundooNotes\\src\\services\\user.service.ts:44:34)\n    at Generator.next (<anonymous>)\n    at fulfilled (C:\\Users\\Sakhare Sohan\\Desktop\\FundooNotes_Project\\fundooNotes\\src\\services\\user.service.ts:28:58)\n    at processTicksAndRejections (node:internal/process/task_queues:96:5)","trace":[{"column":17,"file":"C:\\Users\\Sakhare Sohan\\Desktop\\FundooNotes_Project\\fundooNotes\\node_modules\\bcrypt\\bcrypt.js","function":"Object.compare","line":208,"method":"compare","native":false},{"column":12,"file":"C:\\Users\\Sakhare Sohan\\Desktop\\FundooNotes_Project\\fundooNotes\\node_modules\\bcrypt\\promises.js","function":null,"line":29,"method":null,"native":false},{"column":null,"file":null,"function":"new Promise","line":null,"method":null,"native":false},{"column":12,"file":"C:\\Users\\Sakhare Sohan\\Desktop\\FundooNotes_Project\\fundooNotes\\node_modules\\bcrypt\\promises.js","function":"Object.module.exports.promise","line":20,"method":"promise","native":false},{"column":25,"file":"C:\\Users\\Sakhare Sohan\\Desktop\\FundooNotes_Project\\fundooNotes\\node_modules\\bcrypt\\bcrypt.js","function":"Object.compare","line":204,"method":"compare","native":false},{"column":34,"file":"C:\\Users\\Sakhare Sohan\\Desktop\\FundooNotes_Project\\fundooNotes\\src\\services\\user.service.ts","function":null,"line":44,"method":null,"native":false},{"column":null,"file":null,"function":"Generator.next","line":null,"method":"next","native":false},{"column":58,"file":"C:\\Users\\Sakhare Sohan\\Desktop\\FundooNotes_Project\\fundooNotes\\src\\services\\user.service.ts","function":"fulfilled","line":28,"method":null,"native":false},{"column":5,"file":"node:internal/process/task_queues","function":"processTicksAndRejections","line":96,"method":null,"native":false}]}
info: ::1 - - [26/Jul/2024:06:52:32 +0000] "GET /api/v1/users HTTP/1.1" 200 79 "-" "PostmanRuntime/7.40.0"

error: uncaughtException: data and hash arguments required
Error: data and hash arguments required
    at Object.compare (C:\Users\Sakhare Sohan\Desktop\FundooNotes_Project\fundooNotes\node_modules\bcrypt\bcrypt.js:208:17)
    at C:\Users\Sakhare Sohan\Desktop\FundooNotes_Project\fundooNotes\node_modules\bcrypt\promises.js:29:12
    at new Promise (<anonymous>)
    at Object.module.exports.promise (C:\Users\Sakhare Sohan\Desktop\FundooNotes_Project\fundooNotes\node_modules\bcrypt\promises.js:20:12)
    at Object.compare (C:\Users\Sakhare Sohan\Desktop\FundooNotes_Project\fundooNotes\node_modules\bcrypt\bcrypt.js:204:25)
    at UserService.<anonymous> (C:\Users\Sakhare Sohan\Desktop\FundooNotes_Project\fundooNotes\src\services\user.service.ts:44:34)
    at Generator.next (<anonymous>)
    at fulfilled (C:\Users\Sakhare Sohan\Desktop\FundooNotes_Project\fundooNotes\src\services\user.service.ts:28:58)
    at processTicksAndRejections (node:internal/process/task_queues:96:5) {"date":"Fri Jul 26 2024 12:22:32 GMT+0530 (India Standard Time)","error":{},"exception":true,"os":{"loadavg":[0,0,0],"uptime":6430},"process":{"argv":["C:\\Program Files\\nodejs\\node.exe","./src/index.ts"],"cwd":"C:\\Users\\Sakhare Sohan\\Desktop\\FundooNotes_Project\\fundooNotes","execPath":"C:\\Program Files\\nodejs\\node.exe","gid":null,"memoryUsage":{"arrayBuffers":467874,"external":4238024,"heapTotal":55480320,"heapUsed":27979312,"rss":77729792},"pid":9356,"uid":null,"version":"v16.15.1"},"stack":"Error: data and hash arguments required\n    at Object.compare (C:\\Users\\Sakhare Sohan\\Desktop\\FundooNotes_Project\\fundooNotes\\node_modules\\bcrypt\\bcrypt.js:208:17)\n    at C:\\Users\\Sakhare Sohan\\Desktop\\FundooNotes_Project\\fundooNotes\\node_modules\\bcrypt\\promises.js:29:12\n    at new Promise (<anonymous>)\n    at Object.module.exports.promise (C:\\Users\\Sakhare Sohan\\Desktop\\FundooNotes_Project\\fundooNotes\\node_modules\\bcrypt\\promises.js:20:12)\n    at Object.compare (C:\\Users\\Sakhare Sohan\\Desktop\\FundooNotes_Project\\fundooNotes\\node_modules\\bcrypt\\bcrypt.js:204:25)\n    at UserService.<anonymous> (C:\\Users\\Sakhare Sohan\\Desktop\\FundooNotes_Project\\fundooNotes\\src\\services\\user.service.ts:44:34)\n    at Generator.next (<anonymous>)\n    at fulfilled (C:\\Users\\Sakhare Sohan\\Desktop\\FundooNotes_Project\\fundooNotes\\src\\services\\user.service.ts:28:58)\n    at processTicksAndRejections (node:internal/process/task_queues:96:5)","trace":[{"column":17,"file":"C:\\Users\\Sakhare Sohan\\Desktop\\FundooNotes_Project\\fundooNotes\\node_modules\\bcrypt\\bcrypt.js","function":"Object.compare","line":208,"method":"compare","native":false},{"column":12,"file":"C:\\Users\\Sakhare Sohan\\Desktop\\FundooNotes_Project\\fundooNotes\\node_modules\\bcrypt\\promises.js","function":null,"line":29,"method":null,"native":false},{"column":null,"file":null,"function":"new Promise","line":null,"method":null,"native":false},{"column":12,"file":"C:\\Users\\Sakhare Sohan\\Desktop\\FundooNotes_Project\\fundooNotes\\node_modules\\bcrypt\\promises.js","function":"Object.module.exports.promise","line":20,"method":"promise","native":false},{"column":25,"file":"C:\\Users\\Sakhare Sohan\\Desktop\\FundooNotes_Project\\fundooNotes\\node_modules\\bcrypt\\bcrypt.js","function":"Object.compare","line":204,"method":"compare","native":false},{"column":34,"file":"C:\\Users\\Sakhare Sohan\\Desktop\\FundooNotes_Project\\fundooNotes\\src\\services\\user.service.ts","function":null,"line":44,"method":null,"native":false},{"column":null,"file":null,"function":"Generator.next","line":null,"method":"next","native":false},{"column":58,"file":"C:\\Users\\Sakhare Sohan\\Desktop\\FundooNotes_Project\\fundooNotes\\src\\services\\user.service.ts","function":"fulfilled","line":28,"method":null,"native":false},{"column":5,"file":"node:internal/process/task_queues","function":"processTicksAndRejections","line":96,"method":null,"native":false}]}
info: ::1 - - [26/Jul/2024:06:53:35 +0000] "GET /api/v1/users HTTP/1.1" 200 79 "-" "PostmanRuntime/7.40.0"

error: uncaughtException: data and hash arguments required
Error: data and hash arguments required
    at Object.compare (C:\Users\Sakhare Sohan\Desktop\FundooNotes_Project\fundooNotes\node_modules\bcrypt\bcrypt.js:208:17)
    at C:\Users\Sakhare Sohan\Desktop\FundooNotes_Project\fundooNotes\node_modules\bcrypt\promises.js:29:12
    at new Promise (<anonymous>)
    at Object.module.exports.promise (C:\Users\Sakhare Sohan\Desktop\FundooNotes_Project\fundooNotes\node_modules\bcrypt\promises.js:20:12)
    at Object.compare (C:\Users\Sakhare Sohan\Desktop\FundooNotes_Project\fundooNotes\node_modules\bcrypt\bcrypt.js:204:25)
    at UserService.<anonymous> (C:\Users\Sakhare Sohan\Desktop\FundooNotes_Project\fundooNotes\src\services\user.service.ts:44:34)
    at Generator.next (<anonymous>)
    at fulfilled (C:\Users\Sakhare Sohan\Desktop\FundooNotes_Project\fundooNotes\src\services\user.service.ts:28:58)
    at processTicksAndRejections (node:internal/process/task_queues:96:5) {"date":"Fri Jul 26 2024 12:23:35 GMT+0530 (India Standard Time)","error":{},"exception":true,"os":{"loadavg":[0,0,0],"uptime":6493},"process":{"argv":["C:\\Program Files\\nodejs\\node.exe","./src/index.ts"],"cwd":"C:\\Users\\Sakhare Sohan\\Desktop\\FundooNotes_Project\\fundooNotes","execPath":"C:\\Program Files\\nodejs\\node.exe","gid":null,"memoryUsage":{"arrayBuffers":400123,"external":4102787,"heapTotal":55742464,"heapUsed":26773888,"rss":77438976},"pid":9420,"uid":null,"version":"v16.15.1"},"stack":"Error: data and hash arguments required\n    at Object.compare (C:\\Users\\Sakhare Sohan\\Desktop\\FundooNotes_Project\\fundooNotes\\node_modules\\bcrypt\\bcrypt.js:208:17)\n    at C:\\Users\\Sakhare Sohan\\Desktop\\FundooNotes_Project\\fundooNotes\\node_modules\\bcrypt\\promises.js:29:12\n    at new Promise (<anonymous>)\n    at Object.module.exports.promise (C:\\Users\\Sakhare Sohan\\Desktop\\FundooNotes_Project\\fundooNotes\\node_modules\\bcrypt\\promises.js:20:12)\n    at Object.compare (C:\\Users\\Sakhare Sohan\\Desktop\\FundooNotes_Project\\fundooNotes\\node_modules\\bcrypt\\bcrypt.js:204:25)\n    at UserService.<anonymous> (C:\\Users\\Sakhare Sohan\\Desktop\\FundooNotes_Project\\fundooNotes\\src\\services\\user.service.ts:44:34)\n    at Generator.next (<anonymous>)\n    at fulfilled (C:\\Users\\Sakhare Sohan\\Desktop\\FundooNotes_Project\\fundooNotes\\src\\services\\user.service.ts:28:58)\n    at processTicksAndRejections (node:internal/process/task_queues:96:5)","trace":[{"column":17,"file":"C:\\Users\\Sakhare Sohan\\Desktop\\FundooNotes_Project\\fundooNotes\\node_modules\\bcrypt\\bcrypt.js","function":"Object.compare","line":208,"method":"compare","native":false},{"column":12,"file":"C:\\Users\\Sakhare Sohan\\Desktop\\FundooNotes_Project\\fundooNotes\\node_modules\\bcrypt\\promises.js","function":null,"line":29,"method":null,"native":false},{"column":null,"file":null,"function":"new Promise","line":null,"method":null,"native":false},{"column":12,"file":"C:\\Users\\Sakhare Sohan\\Desktop\\FundooNotes_Project\\fundooNotes\\node_modules\\bcrypt\\promises.js","function":"Object.module.exports.promise","line":20,"method":"promise","native":false},{"column":25,"file":"C:\\Users\\Sakhare Sohan\\Desktop\\FundooNotes_Project\\fundooNotes\\node_modules\\bcrypt\\bcrypt.js","function":"Object.compare","line":204,"method":"compare","native":false},{"column":34,"file":"C:\\Users\\Sakhare Sohan\\Desktop\\FundooNotes_Project\\fundooNotes\\src\\services\\user.service.ts","function":null,"line":44,"method":null,"native":false},{"column":null,"file":null,"function":"Generator.next","line":null,"method":"next","native":false},{"column":58,"file":"C:\\Users\\Sakhare Sohan\\Desktop\\FundooNotes_Project\\fundooNotes\\src\\services\\user.service.ts","function":"fulfilled","line":28,"method":null,"native":false},{"column":5,"file":"node:internal/process/task_queues","function":"processTicksAndRejections","line":96,"method":null,"native":false}]}
info: ::1 - - [26/Jul/2024:06:57:29 +0000] "GET /api/v1/users HTTP/1.1" 200 343 "-" "PostmanRuntime/7.40.0"

info: ::1 - - [26/Jul/2024:10:31:00 +0000] "POST /api/v1/users HTTP/1.1" 404 47 "-" "PostmanRuntime/7.40.0"

info: ::1 - - [26/Jul/2024:10:31:45 +0000] "POST /api/v1/users/signup HTTP/1.1" 500 71 "-" "PostmanRuntime/7.40.0"

info: ::1 - - [26/Jul/2024:10:34:17 +0000] "POST /api/v1/users/signup HTTP/1.1" 500 51 "-" "PostmanRuntime/7.40.0"

info: ::1 - - [26/Jul/2024:10:35:14 +0000] "POST /api/v1/users/signup HTTP/1.1" 500 51 "-" "PostmanRuntime/7.40.0"

info: ::1 - - [26/Jul/2024:10:36:00 +0000] "POST /api/v1/users/signup HTTP/1.1" 500 51 "-" "PostmanRuntime/7.40.0"

info: ::1 - - [26/Jul/2024:10:36:50 +0000] "POST /api/v1/users/signup HTTP/1.1" 500 51 "-" "PostmanRuntime/7.40.0"

info: ::1 - - [26/Jul/2024:10:41:39 +0000] "POST /api/v1/users/login HTTP/1.1" 500 77 "-" "PostmanRuntime/7.40.0"

info: ::1 - - [26/Jul/2024:10:48:22 +0000] "POST /api/v1/users/login HTTP/1.1" 500 77 "-" "PostmanRuntime/7.40.0"

info: ::1 - - [26/Jul/2024:10:51:40 +0000] "POST /api/v1/users/login HTTP/1.1" 200 235 "-" "PostmanRuntime/7.40.0"

info: ::1 - - [26/Jul/2024:10:52:36 +0000] "POST /api/v1/users/login HTTP/1.1" 200 567 "-" "PostmanRuntime/7.40.0"

info: ::1 - - [26/Jul/2024:10:52:54 +0000] "POST /api/v1/users/login HTTP/1.1" 500 78 "-" "PostmanRuntime/7.40.0"

info: ::1 - - [26/Jul/2024:10:53:17 +0000] "POST /api/v1/users/login HTTP/1.1" 500 78 "-" "PostmanRuntime/7.40.0"

info: ::1 - - [26/Jul/2024:11:00:37 +0000] "POST /api/v1/users/login HTTP/1.1" 200 101 "-" "PostmanRuntime/7.40.0"

info: ::1 - - [26/Jul/2024:11:09:39 +0000] "GET /api/v1/users/3 HTTP/1.1" 500 86 "-" "PostmanRuntime/7.40.0"

info: ::1 - - [26/Jul/2024:11:09:54 +0000] "POST /api/v1/users/3 HTTP/1.1" 404 47 "-" "PostmanRuntime/7.40.0"

info: ::1 - - [26/Jul/2024:11:10:15 +0000] "GET /api/v1/users/3 HTTP/1.1" 500 86 "-" "PostmanRuntime/7.40.0"

info: ::1 - - [26/Jul/2024:11:11:08 +0000] "GET /api/v1/users/3 HTTP/1.1" 500 86 "-" "PostmanRuntime/7.40.0"

info: ::1 - - [26/Jul/2024:11:22:23 +0000] "GET /api/v1/users/3 HTTP/1.1" 500 86 "-" "PostmanRuntime/7.40.0"

info: ::1 - - [26/Jul/2024:11:26:17 +0000] "GET /api/v1/users/3 HTTP/1.1" 200 343 "-" "PostmanRuntime/7.40.0"

info: ::1 - - [26/Jul/2024:11:26:33 +0000] "GET /api/v1/users/1 HTTP/1.1" 200 289 "-" "PostmanRuntime/7.40.0"

info: ::1 - - [26/Jul/2024:11:26:49 +0000] "GET /api/v1/users/1 HTTP/1.1" 401 42 "-" "PostmanRuntime/7.40.0"

info: ::1 - - [26/Jul/2024:11:29:58 +0000] "GET /api/v1/users/1 HTTP/1.1" 401 42 "-" "PostmanRuntime/7.40.0"

info: ::1 - - [26/Jul/2024:11:30:06 +0000] "GET /api/v1/users/3 HTTP/1.1" 401 42 "-" "PostmanRuntime/7.40.0"

info: ::1 - - [26/Jul/2024:11:30:32 +0000] "POST /api/v1/users/login HTTP/1.1" 200 101 "-" "PostmanRuntime/7.40.0"

info: ::1 - - [26/Jul/2024:11:30:41 +0000] "GET /api/v1/users/3 HTTP/1.1" 200 343 "-" "PostmanRuntime/7.40.0"

info: ::1 - - [26/Jul/2024:11:39:23 +0000] "GET /api/v1/users/3 HTTP/1.1" 200 343 "-" "PostmanRuntime/7.40.0"

info: ::1 - - [26/Jul/2024:11:39:37 +0000] "GET /api/v1/users/3 HTTP/1.1" 200 343 "-" "PostmanRuntime/7.40.0"

info: ::1 - - [26/Jul/2024:11:41:08 +0000] "GET /api/v1/users/3 HTTP/1.1" 200 343 "-" "PostmanRuntime/7.40.0"

info: ::1 - - [26/Jul/2024:11:41:13 +0000] "GET /api/v1/users/1 HTTP/1.1" 500 60 "-" "PostmanRuntime/7.40.0"

info: ::1 - - [26/Jul/2024:11:43:00 +0000] "GET /api/v1/users/3 HTTP/1.1" 200 343 "-" "PostmanRuntime/7.40.0"

info: ::1 - - [26/Jul/2024:11:43:26 +0000] "GET /api/v1/users/1 HTTP/1.1" 500 60 "-" "PostmanRuntime/7.40.0"

info: ::1 - - [26/Jul/2024:11:43:32 +0000] "GET /api/v1/users/3 HTTP/1.1" 200 343 "-" "PostmanRuntime/7.40.0"

info: ::1 - - [27/Jul/2024:06:44:37 +0000] "POST /api/v1/users/login HTTP/1.1" 200 93 "-" "PostmanRuntime/7.40.0"

info: ::1 - - [27/Jul/2024:06:45:37 +0000] "POST /api/v1/users/login HTTP/1.1" 200 93 "-" "PostmanRuntime/7.40.0"

info: ::1 - - [27/Jul/2024:06:46:23 +0000] "POST /api/v1/users/signup HTTP/1.1" 201 330 "-" "PostmanRuntime/7.40.0"

info: ::1 - - [27/Jul/2024:06:46:39 +0000] "POST /api/v1/users/login HTTP/1.1" 200 93 "-" "PostmanRuntime/7.40.0"

info: ::1 - - [27/Jul/2024:06:47:37 +0000] "GET /api/v1/users/3 HTTP/1.1" 500 60 "-" "PostmanRuntime/7.40.0"

info: ::1 - - [27/Jul/2024:06:47:49 +0000] "GET /api/v1/users/4 HTTP/1.1" 500 60 "-" "PostmanRuntime/7.40.0"

info: ::1 - - [27/Jul/2024:06:47:54 +0000] "GET /api/v1/users/5 HTTP/1.1" 500 60 "-" "PostmanRuntime/7.40.0"

info: ::1 - - [27/Jul/2024:06:47:59 +0000] "GET /api/v1/users/6 HTTP/1.1" 500 60 "-" "PostmanRuntime/7.40.0"

info: ::1 - - [27/Jul/2024:06:48:45 +0000] "GET /api/v1/users/8 HTTP/1.1" 500 60 "-" "PostmanRuntime/7.40.0"

info: ::1 - - [27/Jul/2024:06:48:52 +0000] "GET /api/v1/users/9 HTTP/1.1" 200 330 "-" "PostmanRuntime/7.40.0"

info: ::1 - - [27/Jul/2024:06:50:07 +0000] "GET /api/v1/users/9 HTTP/1.1" 200 330 "-" "PostmanRuntime/7.40.0"

info: ::1 - - [27/Jul/2024:06:50:12 +0000] "GET /api/v1/users/3 HTTP/1.1" 500 60 "-" "PostmanRuntime/7.40.0"

info: ::1 - - [27/Jul/2024:06:50:30 +0000] "POST /api/v1/users/login HTTP/1.1" 200 103 "-" "PostmanRuntime/7.40.0"

info: ::1 - - [27/Jul/2024:06:52:50 +0000] "POST /api/v1/users/login HTTP/1.1" 200 101 "-" "PostmanRuntime/7.40.0"

info: ::1 - - [27/Jul/2024:06:53:08 +0000] "GET /api/v1/users/4 HTTP/1.1" 200 343 "-" "PostmanRuntime/7.40.0"

info: ::1 - - [27/Jul/2024:06:53:13 +0000] "GET /api/v1/users/9 HTTP/1.1" 500 60 "-" "PostmanRuntime/7.40.0"

info: ::1 - - [29/Jul/2024:05:51:30 +0000] "GET /api/v1/users/9 HTTP/1.1" 404 47 "-" "PostmanRuntime/7.40.0"

info: ::1 - - [29/Jul/2024:05:51:46 +0000] "POST /api/v1/users/signup HTTP/1.1" 201 331 "-" "PostmanRuntime/7.40.0"

info: ::1 - - [29/Jul/2024:05:55:07 +0000] "POST /api/v1/users/login HTTP/1.1" 200 150 "-" "PostmanRuntime/7.40.0"

info: ::1 - - [29/Jul/2024:05:55:49 +0000] "GET /api/v1/users/header/10 HTTP/1.1" 400 56 "-" "PostmanRuntime/7.40.0"

info: ::1 - - [29/Jul/2024:05:57:35 +0000] "POST /api/v1/users/login HTTP/1.1" 200 94 "-" "PostmanRuntime/7.40.0"

info: ::1 - - [29/Jul/2024:05:57:46 +0000] "GET /api/v1/users/header/10 HTTP/1.1" 400 56 "-" "PostmanRuntime/7.40.0"

info: ::1 - - [29/Jul/2024:05:59:01 +0000] "POST /api/v1/users/login HTTP/1.1" 200 94 "-" "PostmanRuntime/7.40.0"

info: ::1 - - [29/Jul/2024:05:59:06 +0000] "GET /api/v1/users/header/10 HTTP/1.1" 400 56 "-" "PostmanRuntime/7.40.0"

info: ::1 - - [29/Jul/2024:05:59:30 +0000] "POST /api/v1/users/login HTTP/1.1" 200 94 "-" "PostmanRuntime/7.40.0"

info: ::1 - - [29/Jul/2024:05:59:35 +0000] "GET /api/v1/users/header/10 HTTP/1.1" 400 56 "-" "PostmanRuntime/7.40.0"

info: ::1 - - [29/Jul/2024:06:00:18 +0000] "POST /api/v1/users/login HTTP/1.1" 200 94 "-" "PostmanRuntime/7.40.0"

info: ::1 - - [29/Jul/2024:06:00:29 +0000] "GET /api/v1/users/header/10 HTTP/1.1" 400 56 "-" "PostmanRuntime/7.40.0"

info: ::1 - - [29/Jul/2024:06:03:18 +0000] "GET /api/v1/users/header/10 HTTP/1.1" 200 331 "-" "PostmanRuntime/7.40.0"

info: ::1 - - [29/Jul/2024:06:05:31 +0000] "GET /api/v1/users/header/10 HTTP/1.1" 200 331 "-" "PostmanRuntime/7.40.0"

info: ::1 - - [29/Jul/2024:06:07:05 +0000] "GET /api/v1/users/header/10 HTTP/1.1" 404 47 "-" "PostmanRuntime/7.40.0"

info: ::1 - - [29/Jul/2024:06:07:09 +0000] "GET /api/v1/users/header HTTP/1.1" 500 49 "-" "PostmanRuntime/7.40.0"

info: ::1 - - [29/Jul/2024:06:08:05 +0000] "GET /api/v1/users/header/10 HTTP/1.1" 200 331 "-" "PostmanRuntime/7.40.0"

info: ::1 - - [29/Jul/2024:06:27:15 +0000] "POST /api/v1/users/login HTTP/1.1" 200 94 "-" "PostmanRuntime/7.40.0"

info: ::1 - - [29/Jul/2024:06:27:20 +0000] "GET /api/v1/users/header/10 HTTP/1.1" 200 331 "-" "PostmanRuntime/7.40.0"

info: ::1 - - [29/Jul/2024:06:27:27 +0000] "GET /api/v1/users/header/9 HTTP/1.1" 500 49 "-" "PostmanRuntime/7.40.0"

info: ::1 - - [29/Jul/2024:06:28:03 +0000] "POST /api/v1/users/signup HTTP/1.1" 201 334 "-" "PostmanRuntime/7.40.0"

info: ::1 - - [29/Jul/2024:06:28:17 +0000] "GET /api/v1/users/header/11 HTTP/1.1" 200 334 "-" "PostmanRuntime/7.40.0"

info: ::1 - - [29/Jul/2024:06:29:40 +0000] "GET /api/v1/users/header/11 HTTP/1.1" 200 334 "-" "PostmanRuntime/7.40.0"

info: ::1 - - [29/Jul/2024:06:30:15 +0000] "GET /api/v1/users/header/11 HTTP/1.1" 200 334 "-" "PostmanRuntime/7.40.0"

info: ::1 - - [29/Jul/2024:06:31:58 +0000] "GET /api/v1/users/header/11 HTTP/1.1" 500 85 "-" "PostmanRuntime/7.40.0"

info: ::1 - - [29/Jul/2024:06:32:18 +0000] "POST /api/v1/users/login HTTP/1.1" 200 94 "-" "PostmanRuntime/7.40.0"

info: ::1 - - [29/Jul/2024:06:33:23 +0000] "GET /api/v1/users/header/10 HTTP/1.1" 500 85 "-" "PostmanRuntime/7.40.0"

info: ::1 - - [29/Jul/2024:06:34:34 +0000] "GET /api/v1/users/header/10 HTTP/1.1" 200 331 "-" "PostmanRuntime/7.40.0"

info: ::1 - - [29/Jul/2024:06:34:46 +0000] "GET /api/v1/users/header/11 HTTP/1.1" 200 334 "-" "PostmanRuntime/7.40.0"

info: ::1 - - [29/Jul/2024:06:37:20 +0000] "GET /api/v1/users/header/11 HTTP/1.1" 401 37 "-" "PostmanRuntime/7.40.0"

info: ::1 - - [29/Jul/2024:06:37:25 +0000] "GET /api/v1/users/header/10 HTTP/1.1" 200 331 "-" "PostmanRuntime/7.40.0"

